{"/Users/colew/Documents/Root/Work/AEM/Adobe Franklin/Repos/rf/2025RecordedFutureWebsite/blocks/chilipiper-embed/chilipiper-embed.js": {"path":"/Users/colew/Documents/Root/Work/AEM/Adobe Franklin/Repos/rf/2025RecordedFutureWebsite/blocks/chilipiper-embed/chilipiper-embed.js","statementMap":{"0":{"start":{"line":7,"column":31},"end":{"line":10,"column":1}},"1":{"start":{"line":8,"column":2},"end":{"line":8,"column":79}},"2":{"start":{"line":9,"column":2},"end":{"line":9,"column":50}},"3":{"start":{"line":12,"column":25},"end":{"line":27,"column":1}},"4":{"start":{"line":13,"column":2},"end":{"line":15,"column":3}},"5":{"start":{"line":14,"column":4},"end":{"line":14,"column":11}},"6":{"start":{"line":17,"column":2},"end":{"line":23,"column":5}},"7":{"start":{"line":25,"column":2},"end":{"line":25,"column":51}},"8":{"start":{"line":26,"column":2},"end":{"line":26,"column":41}},"9":{"start":{"line":44,"column":46},"end":{"line":49,"column":4}},"10":{"start":{"line":50,"column":17},"end":{"line":50,"column":52}},"11":{"start":{"line":51,"column":13},"end":{"line":54,"column":4}},"12":{"start":{"line":56,"column":2},"end":{"line":56,"column":23}},"13":{"start":{"line":57,"column":2},"end":{"line":57,"column":24}},"14":{"start":{"line":59,"column":19},"end":{"line":71,"column":4}},"15":{"start":{"line":60,"column":4},"end":{"line":70,"column":5}},"16":{"start":{"line":60,"column":28},"end":{"line":60,"column":44}},"17":{"start":{"line":61,"column":6},"end":{"line":61,"column":28}},"18":{"start":{"line":62,"column":6},"end":{"line":69,"column":9}},"19":{"start":{"line":72,"column":2},"end":{"line":72,"column":26}}},"fnMap":{"0":{"name":"(anonymous_0)","decl":{"start":{"line":7,"column":31},"end":{"line":7,"column":32}},"loc":{"start":{"line":7,"column":86},"end":{"line":10,"column":1}},"line":7},"1":{"name":"(anonymous_1)","decl":{"start":{"line":12,"column":25},"end":{"line":12,"column":26}},"loc":{"start":{"line":12,"column":87},"end":{"line":27,"column":1}},"line":12},"2":{"name":"decorate","decl":{"start":{"line":43,"column":30},"end":{"line":43,"column":38}},"loc":{"start":{"line":43,"column":46},"end":{"line":73,"column":1}},"line":43},"3":{"name":"(anonymous_3)","decl":{"start":{"line":59,"column":44},"end":{"line":59,"column":45}},"loc":{"start":{"line":59,"column":57},"end":{"line":71,"column":3}},"line":59},"4":{"name":"(anonymous_4)","decl":{"start":{"line":60,"column":21},"end":{"line":60,"column":22}},"loc":{"start":{"line":60,"column":28},"end":{"line":60,"column":44}},"line":60}},"branchMap":{"0":{"loc":{"start":{"line":13,"column":2},"end":{"line":15,"column":3}},"type":"if","locations":[{"start":{"line":13,"column":2},"end":{"line":15,"column":3}},{"start":{},"end":{}}],"line":13},"1":{"loc":{"start":{"line":60,"column":4},"end":{"line":70,"column":5}},"type":"if","locations":[{"start":{"line":60,"column":4},"end":{"line":70,"column":5}},{"start":{},"end":{}}],"line":60}},"s":{"0":1,"1":3,"2":2,"3":1,"4":0,"5":0,"6":0,"7":0,"8":0,"9":0,"10":0,"11":0,"12":0,"13":0,"14":0,"15":0,"16":0,"17":0,"18":0,"19":0},"f":{"0":3,"1":0,"2":0,"3":0,"4":0},"b":{"0":[0,0],"1":[0,0]},"_coverageSchema":"1a1c01bbd47fc00a2c39e90264f33305004495a9","hash":"eb2787d73febd1d0e5016c92704a771ee0f9a3c5"}
,"/Users/colew/Documents/Root/Work/AEM/Adobe Franklin/Repos/rf/2025RecordedFutureWebsite/blocks/hubspot-embed/hubspot-embed.js": {"path":"/Users/colew/Documents/Root/Work/AEM/Adobe Franklin/Repos/rf/2025RecordedFutureWebsite/blocks/hubspot-embed/hubspot-embed.js","statementMap":{"0":{"start":{"line":7,"column":28},"end":{"line":17,"column":1}},"1":{"start":{"line":8,"column":2},"end":{"line":8,"column":79}},"2":{"start":{"line":9,"column":2},"end":{"line":16,"column":5}},"3":{"start":{"line":14,"column":6},"end":{"line":14,"column":63}},"4":{"start":{"line":19,"column":25},"end":{"line":33,"column":1}},"5":{"start":{"line":20,"column":2},"end":{"line":22,"column":3}},"6":{"start":{"line":21,"column":4},"end":{"line":21,"column":11}},"7":{"start":{"line":24,"column":2},"end":{"line":29,"column":5}},"8":{"start":{"line":31,"column":2},"end":{"line":31,"column":46}},"9":{"start":{"line":32,"column":2},"end":{"line":32,"column":41}},"10":{"start":{"line":49,"column":23},"end":{"line":49,"column":48}},"11":{"start":{"line":50,"column":33},"end":{"line":50,"column":45}},"12":{"start":{"line":51,"column":28},"end":{"line":54,"column":4}},"13":{"start":{"line":55,"column":17},"end":{"line":55,"column":47}},"14":{"start":{"line":56,"column":15},"end":{"line":59,"column":4}},"15":{"start":{"line":61,"column":2},"end":{"line":61,"column":23}},"16":{"start":{"line":62,"column":2},"end":{"line":62,"column":26}},"17":{"start":{"line":64,"column":19},"end":{"line":75,"column":4}},"18":{"start":{"line":65,"column":4},"end":{"line":74,"column":5}},"19":{"start":{"line":65,"column":28},"end":{"line":65,"column":44}},"20":{"start":{"line":66,"column":6},"end":{"line":66,"column":28}},"21":{"start":{"line":67,"column":6},"end":{"line":73,"column":9}},"22":{"start":{"line":76,"column":2},"end":{"line":76,"column":26}}},"fnMap":{"0":{"name":"(anonymous_0)","decl":{"start":{"line":7,"column":28},"end":{"line":7,"column":29}},"loc":{"start":{"line":7,"column":75},"end":{"line":17,"column":1}},"line":7},"1":{"name":"(anonymous_1)","decl":{"start":{"line":13,"column":21},"end":{"line":13,"column":22}},"loc":{"start":{"line":13,"column":38},"end":{"line":15,"column":5}},"line":13},"2":{"name":"(anonymous_2)","decl":{"start":{"line":19,"column":25},"end":{"line":19,"column":26}},"loc":{"start":{"line":19,"column":79},"end":{"line":33,"column":1}},"line":19},"3":{"name":"decorate","decl":{"start":{"line":48,"column":30},"end":{"line":48,"column":38}},"loc":{"start":{"line":48,"column":46},"end":{"line":77,"column":1}},"line":48},"4":{"name":"(anonymous_4)","decl":{"start":{"line":64,"column":44},"end":{"line":64,"column":45}},"loc":{"start":{"line":64,"column":57},"end":{"line":75,"column":3}},"line":64},"5":{"name":"(anonymous_5)","decl":{"start":{"line":65,"column":21},"end":{"line":65,"column":22}},"loc":{"start":{"line":65,"column":28},"end":{"line":65,"column":44}},"line":65}},"branchMap":{"0":{"loc":{"start":{"line":20,"column":2},"end":{"line":22,"column":3}},"type":"if","locations":[{"start":{"line":20,"column":2},"end":{"line":22,"column":3}},{"start":{},"end":{}}],"line":20},"1":{"loc":{"start":{"line":65,"column":4},"end":{"line":74,"column":5}},"type":"if","locations":[{"start":{"line":65,"column":4},"end":{"line":74,"column":5}},{"start":{},"end":{}}],"line":65}},"s":{"0":1,"1":3,"2":2,"3":0,"4":1,"5":0,"6":0,"7":0,"8":0,"9":0,"10":0,"11":0,"12":0,"13":0,"14":0,"15":0,"16":0,"17":0,"18":0,"19":0,"20":0,"21":0,"22":0},"f":{"0":3,"1":0,"2":0,"3":0,"4":0,"5":0},"b":{"0":[0,0],"1":[0,0]},"_coverageSchema":"1a1c01bbd47fc00a2c39e90264f33305004495a9","hash":"2ec5a88c4a2e3e0ec0fe6cd4a1f0535502122ae9"}
,"/Users/colew/Documents/Root/Work/AEM/Adobe Franklin/Repos/rf/2025RecordedFutureWebsite/scripts/aem.js": {"path":"/Users/colew/Documents/Root/Work/AEM/Adobe Franklin/Repos/rf/2025RecordedFutureWebsite/scripts/aem.js","statementMap":{"0":{"start":{"line":16,"column":20},"end":{"line":16,"column":117}},"1":{"start":{"line":16,"column":27},"end":{"line":16,"column":116}},"2":{"start":{"line":17,"column":2},"end":{"line":120,"column":3}},"3":{"start":{"line":18,"column":4},"end":{"line":18,"column":34}},"4":{"start":{"line":19,"column":4},"end":{"line":19,"column":33}},"5":{"start":{"line":20,"column":4},"end":{"line":113,"column":5}},"6":{"start":{"line":21,"column":20},"end":{"line":21,"column":74}},"7":{"start":{"line":23,"column":8},"end":{"line":26,"column":11}},"8":{"start":{"line":27,"column":17},"end":{"line":27,"column":53}},"9":{"start":{"line":28,"column":25},"end":{"line":28,"column":70}},"10":{"start":{"line":30,"column":6},"end":{"line":38,"column":8}},"11":{"start":{"line":37,"column":32},"end":{"line":37,"column":63}},"12":{"start":{"line":39,"column":6},"end":{"line":112,"column":7}},"13":{"start":{"line":40,"column":33},"end":{"line":55,"column":9}},"14":{"start":{"line":41,"column":26},"end":{"line":41,"column":55}},"15":{"start":{"line":42,"column":10},"end":{"line":53,"column":11}},"16":{"start":{"line":43,"column":12},"end":{"line":43,"column":46}},"17":{"start":{"line":44,"column":12},"end":{"line":50,"column":22}},"18":{"start":{"line":46,"column":32},"end":{"line":46,"column":57}},"19":{"start":{"line":54,"column":10},"end":{"line":54,"column":25}},"20":{"start":{"line":57,"column":8},"end":{"line":60,"column":11}},"21":{"start":{"line":58,"column":26},"end":{"line":58,"column":49}},"22":{"start":{"line":59,"column":10},"end":{"line":59,"column":38}},"23":{"start":{"line":62,"column":8},"end":{"line":71,"column":11}},"24":{"start":{"line":63,"column":24},"end":{"line":66,"column":11}},"25":{"start":{"line":67,"column":10},"end":{"line":69,"column":11}},"26":{"start":{"line":68,"column":12},"end":{"line":68,"column":47}},"27":{"start":{"line":70,"column":10},"end":{"line":70,"column":38}},"28":{"start":{"line":73,"column":8},"end":{"line":73,"column":114}},"29":{"start":{"line":74,"column":8},"end":{"line":74,"column":81}},"30":{"start":{"line":75,"column":8},"end":{"line":91,"column":10}},"31":{"start":{"line":77,"column":26},"end":{"line":84,"column":12}},"32":{"start":{"line":85,"column":28},"end":{"line":85,"column":108}},"33":{"start":{"line":86,"column":40},"end":{"line":86,"column":103}},"34":{"start":{"line":87,"column":23},"end":{"line":87,"column":118}},"35":{"start":{"line":88,"column":10},"end":{"line":88,"column":42}},"36":{"start":{"line":90,"column":10},"end":{"line":90,"column":48}},"37":{"start":{"line":92,"column":8},"end":{"line":92,"column":47}},"38":{"start":{"line":94,"column":8},"end":{"line":108,"column":10}},"39":{"start":{"line":96,"column":10},"end":{"line":96,"column":76}},"40":{"start":{"line":96,"column":69},"end":{"line":96,"column":76}},"41":{"start":{"line":97,"column":52},"end":{"line":97,"column":83}},"42":{"start":{"line":98,"column":25},"end":{"line":98,"column":57}},"43":{"start":{"line":99,"column":10},"end":{"line":102,"column":11}},"44":{"start":{"line":100,"column":12},"end":{"line":100,"column":44}},"45":{"start":{"line":101,"column":12},"end":{"line":101,"column":60}},"46":{"start":{"line":103,"column":10},"end":{"line":106,"column":17}},"47":{"start":{"line":107,"column":10},"end":{"line":107,"column":44}},"48":{"start":{"line":109,"column":8},"end":{"line":111,"column":9}},"49":{"start":{"line":110,"column":10},"end":{"line":110,"column":30}},"50":{"start":{"line":114,"column":4},"end":{"line":116,"column":5}},"51":{"start":{"line":115,"column":6},"end":{"line":115,"column":62}},"52":{"start":{"line":117,"column":4},"end":{"line":117,"column":85}},"53":{"start":{"line":127,"column":2},"end":{"line":127,"column":32}},"54":{"start":{"line":128,"column":2},"end":{"line":128,"column":35}},"55":{"start":{"line":129,"column":2},"end":{"line":129,"column":39}},"56":{"start":{"line":130,"column":2},"end":{"line":130,"column":31}},"57":{"start":{"line":131,"column":2},"end":{"line":131,"column":97}},"58":{"start":{"line":133,"column":19},"end":{"line":133,"column":79}},"59":{"start":{"line":134,"column":2},"end":{"line":141,"column":3}},"60":{"start":{"line":135,"column":4},"end":{"line":140,"column":5}},"61":{"start":{"line":136,"column":6},"end":{"line":136,"column":94}},"62":{"start":{"line":139,"column":6},"end":{"line":139,"column":25}},"63":{"start":{"line":149,"column":2},"end":{"line":149,"column":10}},"64":{"start":{"line":150,"column":2},"end":{"line":150,"column":14}},"65":{"start":{"line":159,"column":2},"end":{"line":165,"column":9}},"66":{"start":{"line":174,"column":2},"end":{"line":174,"column":75}},"67":{"start":{"line":174,"column":55},"end":{"line":174,"column":73}},"68":{"start":{"line":183,"column":17},"end":{"line":183,"column":19}},"69":{"start":{"line":184,"column":2},"end":{"line":216,"column":5}},"70":{"start":{"line":185,"column":4},"end":{"line":215,"column":5}},"71":{"start":{"line":186,"column":19},"end":{"line":186,"column":36}},"72":{"start":{"line":187,"column":6},"end":{"line":214,"column":7}},"73":{"start":{"line":188,"column":20},"end":{"line":188,"column":27}},"74":{"start":{"line":189,"column":21},"end":{"line":189,"column":53}},"75":{"start":{"line":190,"column":20},"end":{"line":190,"column":22}},"76":{"start":{"line":191,"column":8},"end":{"line":212,"column":51}},"77":{"start":{"line":192,"column":21},"end":{"line":192,"column":51}},"78":{"start":{"line":193,"column":10},"end":{"line":197,"column":11}},"79":{"start":{"line":194,"column":12},"end":{"line":194,"column":31}},"80":{"start":{"line":196,"column":12},"end":{"line":196,"column":42}},"81":{"start":{"line":196,"column":34},"end":{"line":196,"column":40}},"82":{"start":{"line":198,"column":15},"end":{"line":212,"column":51}},"83":{"start":{"line":199,"column":23},"end":{"line":199,"column":55}},"84":{"start":{"line":200,"column":10},"end":{"line":204,"column":11}},"85":{"start":{"line":201,"column":12},"end":{"line":201,"column":32}},"86":{"start":{"line":203,"column":12},"end":{"line":203,"column":47}},"87":{"start":{"line":203,"column":38},"end":{"line":203,"column":45}},"88":{"start":{"line":205,"column":15},"end":{"line":212,"column":51}},"89":{"start":{"line":206,"column":21},"end":{"line":206,"column":51}},"90":{"start":{"line":207,"column":10},"end":{"line":211,"column":11}},"91":{"start":{"line":208,"column":12},"end":{"line":208,"column":38}},"92":{"start":{"line":210,"column":12},"end":{"line":210,"column":49}},"93":{"start":{"line":210,"column":34},"end":{"line":210,"column":47}},"94":{"start":{"line":212,"column":15},"end":{"line":212,"column":51}},"95":{"start":{"line":213,"column":8},"end":{"line":213,"column":29}},"96":{"start":{"line":217,"column":2},"end":{"line":217,"column":16}},"97":{"start":{"line":225,"column":2},"end":{"line":236,"column":5}},"98":{"start":{"line":226,"column":4},"end":{"line":235,"column":5}},"99":{"start":{"line":227,"column":19},"end":{"line":227,"column":49}},"100":{"start":{"line":228,"column":6},"end":{"line":228,"column":30}},"101":{"start":{"line":229,"column":6},"end":{"line":229,"column":23}},"102":{"start":{"line":230,"column":6},"end":{"line":230,"column":28}},"103":{"start":{"line":231,"column":6},"end":{"line":231,"column":28}},"104":{"start":{"line":232,"column":6},"end":{"line":232,"column":33}},"105":{"start":{"line":234,"column":6},"end":{"line":234,"column":16}},"106":{"start":{"line":245,"column":2},"end":{"line":261,"column":5}},"107":{"start":{"line":246,"column":4},"end":{"line":260,"column":5}},"108":{"start":{"line":247,"column":21},"end":{"line":247,"column":53}},"109":{"start":{"line":248,"column":6},"end":{"line":248,"column":23}},"110":{"start":{"line":249,"column":6},"end":{"line":254,"column":7}},"111":{"start":{"line":251,"column":8},"end":{"line":253,"column":9}},"112":{"start":{"line":252,"column":10},"end":{"line":252,"column":49}},"113":{"start":{"line":255,"column":6},"end":{"line":255,"column":30}},"114":{"start":{"line":256,"column":6},"end":{"line":256,"column":30}},"115":{"start":{"line":257,"column":6},"end":{"line":257,"column":35}},"116":{"start":{"line":259,"column":6},"end":{"line":259,"column":16}},"117":{"start":{"line":271,"column":15},"end":{"line":271,"column":63}},"118":{"start":{"line":272,"column":15},"end":{"line":272,"column":105}},"119":{"start":{"line":272,"column":84},"end":{"line":272,"column":93}},"120":{"start":{"line":273,"column":2},"end":{"line":273,"column":20}},"121":{"start":{"line":290,"column":14},"end":{"line":290,"column":48}},"122":{"start":{"line":291,"column":18},"end":{"line":291,"column":51}},"123":{"start":{"line":292,"column":23},"end":{"line":292,"column":26}},"124":{"start":{"line":293,"column":14},"end":{"line":293,"column":63}},"125":{"start":{"line":296,"column":2},"end":{"line":302,"column":5}},"126":{"start":{"line":297,"column":19},"end":{"line":297,"column":51}},"127":{"start":{"line":298,"column":4},"end":{"line":298,"column":57}},"128":{"start":{"line":298,"column":18},"end":{"line":298,"column":57}},"129":{"start":{"line":299,"column":4},"end":{"line":299,"column":46}},"130":{"start":{"line":300,"column":4},"end":{"line":300,"column":97}},"131":{"start":{"line":301,"column":4},"end":{"line":301,"column":32}},"132":{"start":{"line":305,"column":2},"end":{"line":318,"column":5}},"133":{"start":{"line":306,"column":4},"end":{"line":317,"column":5}},"134":{"start":{"line":307,"column":21},"end":{"line":307,"column":53}},"135":{"start":{"line":308,"column":6},"end":{"line":308,"column":59}},"136":{"start":{"line":308,"column":20},"end":{"line":308,"column":59}},"137":{"start":{"line":309,"column":6},"end":{"line":309,"column":99}},"138":{"start":{"line":310,"column":6},"end":{"line":310,"column":34}},"139":{"start":{"line":312,"column":18},"end":{"line":312,"column":47}},"140":{"start":{"line":313,"column":6},"end":{"line":313,"column":60}},"141":{"start":{"line":314,"column":6},"end":{"line":314,"column":35}},"142":{"start":{"line":315,"column":6},"end":{"line":315,"column":31}},"143":{"start":{"line":316,"column":6},"end":{"line":316,"column":93}},"144":{"start":{"line":320,"column":2},"end":{"line":320,"column":17}},"145":{"start":{"line":324,"column":18},"end":{"line":324,"column":51}},"146":{"start":{"line":325,"column":14},"end":{"line":325,"column":43}},"147":{"start":{"line":326,"column":2},"end":{"line":326,"column":16}},"148":{"start":{"line":327,"column":2},"end":{"line":327,"column":22}},"149":{"start":{"line":328,"column":2},"end":{"line":328,"column":56}},"150":{"start":{"line":330,"column":2},"end":{"line":333,"column":4}},"151":{"start":{"line":331,"column":4},"end":{"line":331,"column":24}},"152":{"start":{"line":332,"column":4},"end":{"line":332,"column":46}},"153":{"start":{"line":335,"column":2},"end":{"line":335,"column":27}},"154":{"start":{"line":336,"column":2},"end":{"line":336,"column":17}},"155":{"start":{"line":343,"column":21},"end":{"line":347,"column":3}},"156":{"start":{"line":344,"column":4},"end":{"line":346,"column":7}},"157":{"start":{"line":345,"column":6},"end":{"line":345,"column":51}},"158":{"start":{"line":348,"column":19},"end":{"line":348,"column":42}},"159":{"start":{"line":349,"column":2},"end":{"line":349,"column":52}},"160":{"start":{"line":349,"column":16},"end":{"line":349,"column":52}},"161":{"start":{"line":350,"column":16},"end":{"line":350,"column":36}},"162":{"start":{"line":351,"column":2},"end":{"line":351,"column":46}},"163":{"start":{"line":351,"column":13},"end":{"line":351,"column":46}},"164":{"start":{"line":359,"column":24},"end":{"line":359,"column":104}},"165":{"start":{"line":361,"column":15},"end":{"line":365,"column":3}},"166":{"start":{"line":362,"column":20},"end":{"line":362,"column":47}},"167":{"start":{"line":363,"column":4},"end":{"line":363,"column":37}},"168":{"start":{"line":364,"column":4},"end":{"line":364,"column":23}},"169":{"start":{"line":367,"column":2},"end":{"line":381,"column":5}},"170":{"start":{"line":368,"column":4},"end":{"line":380,"column":5}},"171":{"start":{"line":370,"column":8},"end":{"line":371,"column":90}},"172":{"start":{"line":371,"column":40},"end":{"line":371,"column":89}},"173":{"start":{"line":372,"column":6},"end":{"line":379,"column":7}},"174":{"start":{"line":373,"column":8},"end":{"line":373,"column":26}},"175":{"start":{"line":374,"column":13},"end":{"line":379,"column":7}},"176":{"start":{"line":378,"column":8},"end":{"line":378,"column":26}},"177":{"start":{"line":389,"column":2},"end":{"line":419,"column":5}},"178":{"start":{"line":390,"column":4},"end":{"line":390,"column":39}},"179":{"start":{"line":391,"column":4},"end":{"line":418,"column":5}},"180":{"start":{"line":392,"column":17},"end":{"line":392,"column":32}},"181":{"start":{"line":393,"column":20},"end":{"line":393,"column":49}},"182":{"start":{"line":394,"column":6},"end":{"line":417,"column":7}},"183":{"start":{"line":395,"column":8},"end":{"line":398,"column":9}},"184":{"start":{"line":396,"column":10},"end":{"line":396,"column":33}},"185":{"start":{"line":397,"column":10},"end":{"line":397,"column":47}},"186":{"start":{"line":399,"column":8},"end":{"line":407,"column":9}},"187":{"start":{"line":405,"column":10},"end":{"line":405,"column":41}},"188":{"start":{"line":406,"column":10},"end":{"line":406,"column":50}},"189":{"start":{"line":408,"column":8},"end":{"line":416,"column":9}},"190":{"start":{"line":414,"column":10},"end":{"line":414,"column":43}},"191":{"start":{"line":415,"column":10},"end":{"line":415,"column":50}},"192":{"start":{"line":429,"column":19},"end":{"line":431,"column":17}},"193":{"start":{"line":430,"column":17},"end":{"line":430,"column":38}},"194":{"start":{"line":432,"column":14},"end":{"line":432,"column":43}},"195":{"start":{"line":433,"column":2},"end":{"line":433,"column":34}},"196":{"start":{"line":434,"column":2},"end":{"line":434,"column":72}},"197":{"start":{"line":435,"column":2},"end":{"line":435,"column":16}},"198":{"start":{"line":436,"column":2},"end":{"line":436,"column":23}},"199":{"start":{"line":437,"column":2},"end":{"line":437,"column":19}},"200":{"start":{"line":446,"column":16},"end":{"line":446,"column":58}},"201":{"start":{"line":447,"column":2},"end":{"line":449,"column":5}},"202":{"start":{"line":448,"column":4},"end":{"line":448,"column":31}},"203":{"start":{"line":457,"column":14},"end":{"line":457,"column":74}},"204":{"start":{"line":458,"column":2},"end":{"line":463,"column":5}},"205":{"start":{"line":459,"column":15},"end":{"line":459,"column":43}},"206":{"start":{"line":460,"column":4},"end":{"line":460,"column":49}},"207":{"start":{"line":461,"column":4},"end":{"line":461,"column":32}},"208":{"start":{"line":462,"column":4},"end":{"line":462,"column":23}},"209":{"start":{"line":471,"column":2},"end":{"line":505,"column":5}},"210":{"start":{"line":472,"column":21},"end":{"line":472,"column":23}},"211":{"start":{"line":473,"column":25},"end":{"line":473,"column":30}},"212":{"start":{"line":474,"column":4},"end":{"line":482,"column":7}},"213":{"start":{"line":475,"column":6},"end":{"line":480,"column":7}},"214":{"start":{"line":476,"column":24},"end":{"line":476,"column":53}},"215":{"start":{"line":477,"column":8},"end":{"line":477,"column":31}},"216":{"start":{"line":478,"column":8},"end":{"line":478,"column":45}},"217":{"start":{"line":479,"column":8},"end":{"line":479,"column":77}},"218":{"start":{"line":479,"column":28},"end":{"line":479,"column":77}},"219":{"start":{"line":481,"column":6},"end":{"line":481,"column":46}},"220":{"start":{"line":483,"column":4},"end":{"line":483,"column":59}},"221":{"start":{"line":483,"column":34},"end":{"line":483,"column":57}},"222":{"start":{"line":484,"column":4},"end":{"line":484,"column":37}},"223":{"start":{"line":485,"column":4},"end":{"line":485,"column":50}},"224":{"start":{"line":486,"column":4},"end":{"line":486,"column":35}},"225":{"start":{"line":489,"column":24},"end":{"line":489,"column":69}},"226":{"start":{"line":490,"column":4},"end":{"line":504,"column":5}},"227":{"start":{"line":491,"column":19},"end":{"line":491,"column":47}},"228":{"start":{"line":492,"column":6},"end":{"line":502,"column":9}},"229":{"start":{"line":493,"column":8},"end":{"line":501,"column":9}},"230":{"start":{"line":494,"column":25},"end":{"line":497,"column":54}},"231":{"start":{"line":496,"column":31},"end":{"line":496,"column":36}},"232":{"start":{"line":497,"column":28},"end":{"line":497,"column":53}},"233":{"start":{"line":498,"column":10},"end":{"line":498,"column":66}},"234":{"start":{"line":498,"column":36},"end":{"line":498,"column":64}},"235":{"start":{"line":500,"column":10},"end":{"line":500,"column":56}},"236":{"start":{"line":503,"column":6},"end":{"line":503,"column":38}},"237":{"start":{"line":514,"column":2},"end":{"line":514,"column":50}},"238":{"start":{"line":515,"column":2},"end":{"line":540,"column":3}},"239":{"start":{"line":516,"column":4},"end":{"line":539,"column":7}},"240":{"start":{"line":517,"column":6},"end":{"line":538,"column":11}},"241":{"start":{"line":519,"column":10},"end":{"line":521,"column":11}},"242":{"start":{"line":520,"column":12},"end":{"line":520,"column":31}},"243":{"start":{"line":522,"column":10},"end":{"line":522,"column":20}},"244":{"start":{"line":525,"column":31},"end":{"line":525,"column":33}},"245":{"start":{"line":526,"column":10},"end":{"line":530,"column":15}},"246":{"start":{"line":527,"column":37},"end":{"line":527,"column":52}},"247":{"start":{"line":529,"column":14},"end":{"line":529,"column":76}},"248":{"start":{"line":531,"column":10},"end":{"line":531,"column":53}},"249":{"start":{"line":532,"column":10},"end":{"line":532,"column":47}},"250":{"start":{"line":536,"column":10},"end":{"line":536,"column":43}},"251":{"start":{"line":537,"column":10},"end":{"line":537,"column":47}},"252":{"start":{"line":541,"column":2},"end":{"line":541,"column":42}},"253":{"start":{"line":550,"column":16},"end":{"line":550,"column":62}},"254":{"start":{"line":551,"column":18},"end":{"line":551,"column":47}},"255":{"start":{"line":553,"column":2},"end":{"line":553,"column":35}},"256":{"start":{"line":554,"column":2},"end":{"line":571,"column":5}},"257":{"start":{"line":555,"column":18},"end":{"line":555,"column":47}},"258":{"start":{"line":556,"column":4},"end":{"line":569,"column":7}},"259":{"start":{"line":557,"column":20},"end":{"line":557,"column":49}},"260":{"start":{"line":558,"column":19},"end":{"line":558,"column":48}},"261":{"start":{"line":559,"column":6},"end":{"line":567,"column":9}},"262":{"start":{"line":560,"column":8},"end":{"line":566,"column":9}},"263":{"start":{"line":561,"column":10},"end":{"line":565,"column":11}},"264":{"start":{"line":562,"column":12},"end":{"line":562,"column":35}},"265":{"start":{"line":564,"column":12},"end":{"line":564,"column":35}},"266":{"start":{"line":568,"column":6},"end":{"line":568,"column":31}},"267":{"start":{"line":570,"column":4},"end":{"line":570,"column":31}},"268":{"start":{"line":572,"column":2},"end":{"line":572,"column":17}},"269":{"start":{"line":580,"column":17},"end":{"line":580,"column":42}},"270":{"start":{"line":581,"column":2},"end":{"line":606,"column":3}},"271":{"start":{"line":582,"column":4},"end":{"line":582,"column":42}},"272":{"start":{"line":583,"column":26},"end":{"line":583,"column":39}},"273":{"start":{"line":584,"column":4},"end":{"line":604,"column":5}},"274":{"start":{"line":585,"column":24},"end":{"line":585,"column":98}},"275":{"start":{"line":586,"column":33},"end":{"line":599,"column":8}},"276":{"start":{"line":587,"column":8},"end":{"line":598,"column":13}},"277":{"start":{"line":588,"column":10},"end":{"line":596,"column":11}},"278":{"start":{"line":589,"column":24},"end":{"line":589,"column":102}},"279":{"start":{"line":590,"column":12},"end":{"line":592,"column":13}},"280":{"start":{"line":591,"column":14},"end":{"line":591,"column":39}},"281":{"start":{"line":595,"column":12},"end":{"line":595,"column":73}},"282":{"start":{"line":597,"column":10},"end":{"line":597,"column":20}},"283":{"start":{"line":600,"column":6},"end":{"line":600,"column":57}},"284":{"start":{"line":603,"column":6},"end":{"line":603,"column":62}},"285":{"start":{"line":605,"column":4},"end":{"line":605,"column":41}},"286":{"start":{"line":607,"column":2},"end":{"line":607,"column":15}},"287":{"start":{"line":615,"column":25},"end":{"line":615,"column":43}},"288":{"start":{"line":616,"column":2},"end":{"line":625,"column":3}},"289":{"start":{"line":617,"column":4},"end":{"line":617,"column":33}},"290":{"start":{"line":618,"column":4},"end":{"line":618,"column":45}},"291":{"start":{"line":619,"column":4},"end":{"line":619,"column":46}},"292":{"start":{"line":620,"column":4},"end":{"line":620,"column":25}},"293":{"start":{"line":621,"column":25},"end":{"line":621,"column":44}},"294":{"start":{"line":622,"column":4},"end":{"line":622,"column":60}},"295":{"start":{"line":623,"column":20},"end":{"line":623,"column":45}},"296":{"start":{"line":624,"column":4},"end":{"line":624,"column":70}},"297":{"start":{"line":624,"column":17},"end":{"line":624,"column":70}},"298":{"start":{"line":633,"column":2},"end":{"line":633,"column":74}},"299":{"start":{"line":642,"column":22},"end":{"line":642,"column":46}},"300":{"start":{"line":643,"column":2},"end":{"line":643,"column":29}},"301":{"start":{"line":644,"column":2},"end":{"line":644,"column":29}},"302":{"start":{"line":645,"column":2},"end":{"line":645,"column":32}},"303":{"start":{"line":654,"column":22},"end":{"line":654,"column":46}},"304":{"start":{"line":655,"column":2},"end":{"line":655,"column":29}},"305":{"start":{"line":656,"column":2},"end":{"line":656,"column":29}},"306":{"start":{"line":657,"column":2},"end":{"line":657,"column":32}},"307":{"start":{"line":665,"column":23},"end":{"line":665,"column":51}},"308":{"start":{"line":666,"column":2},"end":{"line":674,"column":5}},"309":{"start":{"line":667,"column":4},"end":{"line":673,"column":5}},"310":{"start":{"line":668,"column":6},"end":{"line":668,"column":52}},"311":{"start":{"line":669,"column":6},"end":{"line":669,"column":53}},"312":{"start":{"line":670,"column":6},"end":{"line":670,"column":54}},"313":{"start":{"line":672,"column":6},"end":{"line":672,"column":16}},"314":{"start":{"line":683,"column":17},"end":{"line":683,"column":46}},"315":{"start":{"line":684,"column":2},"end":{"line":694,"column":3}},"316":{"start":{"line":685,"column":4},"end":{"line":685,"column":46}},"317":{"start":{"line":686,"column":19},"end":{"line":686,"column":61}},"318":{"start":{"line":687,"column":4},"end":{"line":690,"column":5}},"319":{"start":{"line":687,"column":17},"end":{"line":687,"column":18}},"320":{"start":{"line":689,"column":6},"end":{"line":689,"column":33}},"321":{"start":{"line":691,"column":4},"end":{"line":691,"column":50}},"322":{"start":{"line":691,"column":22},"end":{"line":691,"column":50}},"323":{"start":{"line":692,"column":4},"end":{"line":692,"column":45}},"324":{"start":{"line":693,"column":4},"end":{"line":693,"column":33}},"325":{"start":{"line":703,"column":19},"end":{"line":703,"column":63}},"326":{"start":{"line":704,"column":2},"end":{"line":710,"column":3}},"327":{"start":{"line":704,"column":15},"end":{"line":704,"column":16}},"328":{"start":{"line":706,"column":4},"end":{"line":706,"column":35}},"329":{"start":{"line":707,"column":4},"end":{"line":709,"column":5}},"330":{"start":{"line":708,"column":6},"end":{"line":708,"column":26}},"331":{"start":{"line":713,"column":0},"end":{"line":713,"column":7}}},"fnMap":{"0":{"name":"sampleRUM","decl":{"start":{"line":14,"column":9},"end":{"line":14,"column":18}},"loc":{"start":{"line":14,"column":37},"end":{"line":121,"column":1}},"line":14},"1":{"name":"(anonymous_1)","decl":{"start":{"line":16,"column":20},"end":{"line":16,"column":21}},"loc":{"start":{"line":16,"column":27},"end":{"line":16,"column":116}},"line":16},"2":{"name":"(anonymous_2)","decl":{"start":{"line":19,"column":24},"end":{"line":19,"column":25}},"loc":{"start":{"line":19,"column":30},"end":{"line":19,"column":32}},"line":19},"3":{"name":"(anonymous_3)","decl":{"start":{"line":37,"column":19},"end":{"line":37,"column":20}},"loc":{"start":{"line":37,"column":32},"end":{"line":37,"column":63}},"line":37},"4":{"name":"(anonymous_4)","decl":{"start":{"line":40,"column":33},"end":{"line":40,"column":34}},"loc":{"start":{"line":40,"column":44},"end":{"line":55,"column":9}},"line":40},"5":{"name":"(anonymous_5)","decl":{"start":{"line":46,"column":22},"end":{"line":46,"column":23}},"loc":{"start":{"line":46,"column":32},"end":{"line":46,"column":57}},"line":46},"6":{"name":"(anonymous_6)","decl":{"start":{"line":57,"column":41},"end":{"line":57,"column":42}},"loc":{"start":{"line":57,"column":56},"end":{"line":60,"column":9}},"line":57},"7":{"name":"(anonymous_7)","decl":{"start":{"line":62,"column":54},"end":{"line":62,"column":55}},"loc":{"start":{"line":62,"column":70},"end":{"line":71,"column":9}},"line":62},"8":{"name":"(anonymous_8)","decl":{"start":{"line":75,"column":29},"end":{"line":75,"column":30}},"loc":{"start":{"line":75,"column":58},"end":{"line":91,"column":9}},"line":75},"9":{"name":"(anonymous_9)","decl":{"start":{"line":94,"column":28},"end":{"line":94,"column":29}},"loc":{"start":{"line":94,"column":34},"end":{"line":108,"column":9}},"line":94},"10":{"name":"setup","decl":{"start":{"line":126,"column":9},"end":{"line":126,"column":14}},"loc":{"start":{"line":126,"column":17},"end":{"line":142,"column":1}},"line":126},"11":{"name":"init","decl":{"start":{"line":148,"column":9},"end":{"line":148,"column":13}},"loc":{"start":{"line":148,"column":16},"end":{"line":151,"column":1}},"line":148},"12":{"name":"toClassName","decl":{"start":{"line":158,"column":9},"end":{"line":158,"column":20}},"loc":{"start":{"line":158,"column":27},"end":{"line":166,"column":1}},"line":158},"13":{"name":"toCamelCase","decl":{"start":{"line":173,"column":9},"end":{"line":173,"column":20}},"loc":{"start":{"line":173,"column":27},"end":{"line":175,"column":1}},"line":173},"14":{"name":"(anonymous_14)","decl":{"start":{"line":174,"column":48},"end":{"line":174,"column":49}},"loc":{"start":{"line":174,"column":55},"end":{"line":174,"column":73}},"line":174},"15":{"name":"readBlockConfig","decl":{"start":{"line":182,"column":9},"end":{"line":182,"column":24}},"loc":{"start":{"line":182,"column":32},"end":{"line":218,"column":1}},"line":182},"16":{"name":"(anonymous_16)","decl":{"start":{"line":184,"column":49},"end":{"line":184,"column":50}},"loc":{"start":{"line":184,"column":58},"end":{"line":216,"column":3}},"line":184},"17":{"name":"(anonymous_17)","decl":{"start":{"line":196,"column":27},"end":{"line":196,"column":28}},"loc":{"start":{"line":196,"column":34},"end":{"line":196,"column":40}},"line":196},"18":{"name":"(anonymous_18)","decl":{"start":{"line":203,"column":29},"end":{"line":203,"column":30}},"loc":{"start":{"line":203,"column":38},"end":{"line":203,"column":45}},"line":203},"19":{"name":"(anonymous_19)","decl":{"start":{"line":210,"column":27},"end":{"line":210,"column":28}},"loc":{"start":{"line":210,"column":34},"end":{"line":210,"column":47}},"line":210},"20":{"name":"loadCSS","decl":{"start":{"line":224,"column":15},"end":{"line":224,"column":22}},"loc":{"start":{"line":224,"column":29},"end":{"line":237,"column":1}},"line":224},"21":{"name":"(anonymous_21)","decl":{"start":{"line":225,"column":21},"end":{"line":225,"column":22}},"loc":{"start":{"line":225,"column":42},"end":{"line":236,"column":3}},"line":225},"22":{"name":"loadScript","decl":{"start":{"line":244,"column":15},"end":{"line":244,"column":25}},"loc":{"start":{"line":244,"column":38},"end":{"line":262,"column":1}},"line":244},"23":{"name":"(anonymous_23)","decl":{"start":{"line":245,"column":21},"end":{"line":245,"column":22}},"loc":{"start":{"line":245,"column":42},"end":{"line":261,"column":3}},"line":245},"24":{"name":"getMetadata","decl":{"start":{"line":270,"column":9},"end":{"line":270,"column":20}},"loc":{"start":{"line":270,"column":43},"end":{"line":274,"column":1}},"line":270},"25":{"name":"(anonymous_25)","decl":{"start":{"line":272,"column":77},"end":{"line":272,"column":78}},"loc":{"start":{"line":272,"column":84},"end":{"line":272,"column":93}},"line":272},"26":{"name":"createOptimizedPicture","decl":{"start":{"line":284,"column":9},"end":{"line":284,"column":31}},"loc":{"start":{"line":289,"column":2},"end":{"line":321,"column":1}},"line":289},"27":{"name":"(anonymous_27)","decl":{"start":{"line":296,"column":22},"end":{"line":296,"column":23}},"loc":{"start":{"line":296,"column":30},"end":{"line":302,"column":3}},"line":296},"28":{"name":"(anonymous_28)","decl":{"start":{"line":305,"column":22},"end":{"line":305,"column":23}},"loc":{"start":{"line":305,"column":33},"end":{"line":318,"column":3}},"line":305},"29":{"name":"optimizeAlgoliaImg","decl":{"start":{"line":323,"column":9},"end":{"line":323,"column":27}},"loc":{"start":{"line":323,"column":58},"end":{"line":337,"column":1}},"line":323},"30":{"name":"(anonymous_30)","decl":{"start":{"line":330,"column":16},"end":{"line":330,"column":17}},"loc":{"start":{"line":330,"column":28},"end":{"line":333,"column":3}},"line":330},"31":{"name":"decorateTemplateAndTheme","decl":{"start":{"line":342,"column":9},"end":{"line":342,"column":33}},"loc":{"start":{"line":342,"column":36},"end":{"line":352,"column":1}},"line":342},"32":{"name":"(anonymous_32)","decl":{"start":{"line":343,"column":21},"end":{"line":343,"column":22}},"loc":{"start":{"line":343,"column":43},"end":{"line":347,"column":3}},"line":343},"33":{"name":"(anonymous_33)","decl":{"start":{"line":344,"column":31},"end":{"line":344,"column":32}},"loc":{"start":{"line":344,"column":38},"end":{"line":346,"column":5}},"line":344},"34":{"name":"wrapTextNodes","decl":{"start":{"line":358,"column":9},"end":{"line":358,"column":22}},"loc":{"start":{"line":358,"column":30},"end":{"line":382,"column":1}},"line":358},"35":{"name":"(anonymous_35)","decl":{"start":{"line":361,"column":15},"end":{"line":361,"column":16}},"loc":{"start":{"line":361,"column":23},"end":{"line":365,"column":3}},"line":361},"36":{"name":"(anonymous_36)","decl":{"start":{"line":367,"column":55},"end":{"line":367,"column":56}},"loc":{"start":{"line":367,"column":72},"end":{"line":381,"column":3}},"line":367},"37":{"name":"(anonymous_37)","decl":{"start":{"line":371,"column":27},"end":{"line":371,"column":28}},"loc":{"start":{"line":371,"column":40},"end":{"line":371,"column":89}},"line":371},"38":{"name":"decorateButtons","decl":{"start":{"line":388,"column":9},"end":{"line":388,"column":24}},"loc":{"start":{"line":388,"column":34},"end":{"line":420,"column":1}},"line":388},"39":{"name":"(anonymous_39)","decl":{"start":{"line":389,"column":40},"end":{"line":389,"column":41}},"loc":{"start":{"line":389,"column":47},"end":{"line":419,"column":3}},"line":389},"40":{"name":"decorateIcon","decl":{"start":{"line":428,"column":9},"end":{"line":428,"column":21}},"loc":{"start":{"line":428,"column":51},"end":{"line":438,"column":1}},"line":428},"41":{"name":"(anonymous_41)","decl":{"start":{"line":430,"column":10},"end":{"line":430,"column":11}},"loc":{"start":{"line":430,"column":17},"end":{"line":430,"column":38}},"line":430},"42":{"name":"decorateIcons","decl":{"start":{"line":445,"column":9},"end":{"line":445,"column":22}},"loc":{"start":{"line":445,"column":45},"end":{"line":450,"column":1}},"line":445},"43":{"name":"(anonymous_43)","decl":{"start":{"line":447,"column":16},"end":{"line":447,"column":17}},"loc":{"start":{"line":447,"column":26},"end":{"line":449,"column":3}},"line":447},"44":{"name":"decorateDefaultContentHeading","decl":{"start":{"line":456,"column":9},"end":{"line":456,"column":38}},"loc":{"start":{"line":456,"column":48},"end":{"line":464,"column":1}},"line":456},"45":{"name":"(anonymous_45)","decl":{"start":{"line":458,"column":14},"end":{"line":458,"column":15}},"loc":{"start":{"line":458,"column":22},"end":{"line":463,"column":3}},"line":458},"46":{"name":"decorateSections","decl":{"start":{"line":470,"column":9},"end":{"line":470,"column":25}},"loc":{"start":{"line":470,"column":32},"end":{"line":506,"column":1}},"line":470},"47":{"name":"(anonymous_47)","decl":{"start":{"line":471,"column":48},"end":{"line":471,"column":49}},"loc":{"start":{"line":471,"column":61},"end":{"line":505,"column":3}},"line":471},"48":{"name":"(anonymous_48)","decl":{"start":{"line":474,"column":34},"end":{"line":474,"column":35}},"loc":{"start":{"line":474,"column":41},"end":{"line":482,"column":5}},"line":474},"49":{"name":"(anonymous_49)","decl":{"start":{"line":483,"column":21},"end":{"line":483,"column":22}},"loc":{"start":{"line":483,"column":34},"end":{"line":483,"column":57}},"line":483},"50":{"name":"(anonymous_50)","decl":{"start":{"line":492,"column":32},"end":{"line":492,"column":33}},"loc":{"start":{"line":492,"column":41},"end":{"line":502,"column":7}},"line":492},"51":{"name":"(anonymous_51)","decl":{"start":{"line":496,"column":20},"end":{"line":496,"column":21}},"loc":{"start":{"line":496,"column":31},"end":{"line":496,"column":36}},"line":496},"52":{"name":"(anonymous_52)","decl":{"start":{"line":497,"column":17},"end":{"line":497,"column":18}},"loc":{"start":{"line":497,"column":28},"end":{"line":497,"column":53}},"line":497},"53":{"name":"(anonymous_53)","decl":{"start":{"line":498,"column":25},"end":{"line":498,"column":26}},"loc":{"start":{"line":498,"column":36},"end":{"line":498,"column":64}},"line":498},"54":{"name":"fetchPlaceholders","decl":{"start":{"line":513,"column":15},"end":{"line":513,"column":32}},"loc":{"start":{"line":513,"column":53},"end":{"line":542,"column":1}},"line":513},"55":{"name":"(anonymous_55)","decl":{"start":{"line":516,"column":46},"end":{"line":516,"column":47}},"loc":{"start":{"line":516,"column":59},"end":{"line":539,"column":5}},"line":516},"56":{"name":"(anonymous_56)","decl":{"start":{"line":518,"column":14},"end":{"line":518,"column":15}},"loc":{"start":{"line":518,"column":24},"end":{"line":523,"column":9}},"line":518},"57":{"name":"(anonymous_57)","decl":{"start":{"line":524,"column":14},"end":{"line":524,"column":15}},"loc":{"start":{"line":524,"column":24},"end":{"line":533,"column":9}},"line":524},"58":{"name":"(anonymous_58)","decl":{"start":{"line":527,"column":20},"end":{"line":527,"column":21}},"loc":{"start":{"line":527,"column":37},"end":{"line":527,"column":52}},"line":527},"59":{"name":"(anonymous_59)","decl":{"start":{"line":528,"column":21},"end":{"line":528,"column":22}},"loc":{"start":{"line":528,"column":38},"end":{"line":530,"column":13}},"line":528},"60":{"name":"(anonymous_60)","decl":{"start":{"line":534,"column":15},"end":{"line":534,"column":16}},"loc":{"start":{"line":534,"column":21},"end":{"line":538,"column":9}},"line":534},"61":{"name":"buildBlock","decl":{"start":{"line":549,"column":9},"end":{"line":549,"column":19}},"loc":{"start":{"line":549,"column":40},"end":{"line":573,"column":1}},"line":549},"62":{"name":"(anonymous_62)","decl":{"start":{"line":554,"column":16},"end":{"line":554,"column":17}},"loc":{"start":{"line":554,"column":25},"end":{"line":571,"column":3}},"line":554},"63":{"name":"(anonymous_63)","decl":{"start":{"line":556,"column":16},"end":{"line":556,"column":17}},"loc":{"start":{"line":556,"column":25},"end":{"line":569,"column":5}},"line":556},"64":{"name":"(anonymous_64)","decl":{"start":{"line":559,"column":19},"end":{"line":559,"column":20}},"loc":{"start":{"line":559,"column":28},"end":{"line":567,"column":7}},"line":559},"65":{"name":"loadBlock","decl":{"start":{"line":579,"column":15},"end":{"line":579,"column":24}},"loc":{"start":{"line":579,"column":32},"end":{"line":608,"column":1}},"line":579},"66":{"name":"(anonymous_66)","decl":{"start":{"line":586,"column":45},"end":{"line":586,"column":46}},"loc":{"start":{"line":586,"column":58},"end":{"line":599,"column":7}},"line":586},"67":{"name":"(anonymous_67)","decl":{"start":{"line":587,"column":9},"end":{"line":587,"column":10}},"loc":{"start":{"line":587,"column":21},"end":{"line":598,"column":9}},"line":587},"68":{"name":"decorateBlock","decl":{"start":{"line":614,"column":9},"end":{"line":614,"column":22}},"loc":{"start":{"line":614,"column":30},"end":{"line":626,"column":1}},"line":614},"69":{"name":"decorateBlocks","decl":{"start":{"line":632,"column":9},"end":{"line":632,"column":23}},"loc":{"start":{"line":632,"column":30},"end":{"line":634,"column":1}},"line":632},"70":{"name":"loadHeader","decl":{"start":{"line":641,"column":15},"end":{"line":641,"column":25}},"loc":{"start":{"line":641,"column":34},"end":{"line":646,"column":1}},"line":641},"71":{"name":"loadFooter","decl":{"start":{"line":653,"column":15},"end":{"line":653,"column":25}},"loc":{"start":{"line":653,"column":34},"end":{"line":658,"column":1}},"line":653},"72":{"name":"waitForFirstImage","decl":{"start":{"line":664,"column":15},"end":{"line":664,"column":32}},"loc":{"start":{"line":664,"column":42},"end":{"line":675,"column":1}},"line":664},"73":{"name":"(anonymous_73)","decl":{"start":{"line":666,"column":20},"end":{"line":666,"column":21}},"loc":{"start":{"line":666,"column":33},"end":{"line":674,"column":3}},"line":666},"74":{"name":"loadSection","decl":{"start":{"line":682,"column":15},"end":{"line":682,"column":26}},"loc":{"start":{"line":682,"column":50},"end":{"line":695,"column":1}},"line":682},"75":{"name":"loadSections","decl":{"start":{"line":702,"column":15},"end":{"line":702,"column":27}},"loc":{"start":{"line":702,"column":37},"end":{"line":711,"column":1}},"line":702}},"branchMap":{"0":{"loc":{"start":{"line":16,"column":27},"end":{"line":16,"column":116}},"type":"cond-expr","locations":[{"start":{"line":16,"column":48},"end":{"line":16,"column":72}},{"start":{"line":16,"column":75},"end":{"line":16,"column":116}}],"line":16},"1":{"loc":{"start":{"line":18,"column":17},"end":{"line":18,"column":33}},"type":"binary-expr","locations":[{"start":{"line":18,"column":17},"end":{"line":18,"column":27}},{"start":{"line":18,"column":31},"end":{"line":18,"column":33}}],"line":18},"2":{"loc":{"start":{"line":20,"column":4},"end":{"line":113,"column":5}},"type":"if","locations":[{"start":{"line":20,"column":4},"end":{"line":113,"column":5}},{"start":{},"end":{}}],"line":20},"3":{"loc":{"start":{"line":23,"column":8},"end":{"line":26,"column":11}},"type":"binary-expr","locations":[{"start":{"line":23,"column":9},"end":{"line":23,"column":51}},{"start":{"line":23,"column":55},"end":{"line":23,"column":57}},{"start":{"line":24,"column":9},"end":{"line":24,"column":50}},{"start":{"line":24,"column":54},"end":{"line":24,"column":58}},{"start":{"line":25,"column":9},"end":{"line":25,"column":23}},{"start":{"line":25,"column":27},"end":{"line":25,"column":28}},{"start":{"line":26,"column":8},"end":{"line":26,"column":11}}],"line":23},"4":{"loc":{"start":{"line":28,"column":25},"end":{"line":28,"column":70}},"type":"binary-expr","locations":[{"start":{"line":28,"column":25},"end":{"line":28,"column":40}},{"start":{"line":28,"column":44},"end":{"line":28,"column":70}}],"line":28},"5":{"loc":{"start":{"line":34,"column":23},"end":{"line":34,"column":86}},"type":"cond-expr","locations":[{"start":{"line":34,"column":44},"end":{"line":34,"column":73}},{"start":{"line":34,"column":76},"end":{"line":34,"column":86}}],"line":34},"6":{"loc":{"start":{"line":39,"column":6},"end":{"line":112,"column":7}},"type":"if","locations":[{"start":{"line":39,"column":6},"end":{"line":112,"column":7}},{"start":{},"end":{}}],"line":39},"7":{"loc":{"start":{"line":65,"column":20},"end":{"line":65,"column":39}},"type":"binary-expr","locations":[{"start":{"line":65,"column":20},"end":{"line":65,"column":26}},{"start":{"line":65,"column":30},"end":{"line":65,"column":39}}],"line":65},"8":{"loc":{"start":{"line":67,"column":10},"end":{"line":69,"column":11}},"type":"if","locations":[{"start":{"line":67,"column":10},"end":{"line":69,"column":11}},{"start":{},"end":{}}],"line":67},"9":{"loc":{"start":{"line":73,"column":28},"end":{"line":73,"column":113}},"type":"binary-expr","locations":[{"start":{"line":73,"column":28},"end":{"line":73,"column":45}},{"start":{"line":73,"column":49},"end":{"line":73,"column":113}}],"line":73},"10":{"loc":{"start":{"line":73,"column":57},"end":{"line":73,"column":79}},"type":"binary-expr","locations":[{"start":{"line":73,"column":57},"end":{"line":73,"column":72}},{"start":{"line":73,"column":76},"end":{"line":73,"column":79}}],"line":73},"11":{"loc":{"start":{"line":74,"column":35},"end":{"line":74,"column":80}},"type":"binary-expr","locations":[{"start":{"line":74,"column":35},"end":{"line":74,"column":59}},{"start":{"line":74,"column":63},"end":{"line":74,"column":80}}],"line":74},"12":{"loc":{"start":{"line":75,"column":40},"end":{"line":75,"column":53}},"type":"default-arg","locations":[{"start":{"line":75,"column":51},"end":{"line":75,"column":53}}],"line":75},"13":{"loc":{"start":{"line":85,"column":28},"end":{"line":85,"column":108}},"type":"cond-expr","locations":[{"start":{"line":85,"column":48},"end":{"line":85,"column":103}},{"start":{"line":85,"column":106},"end":{"line":85,"column":108}}],"line":85},"14":{"loc":{"start":{"line":87,"column":23},"end":{"line":87,"column":118}},"type":"cond-expr","locations":[{"start":{"line":87,"column":59},"end":{"line":87,"column":108}},{"start":{"line":87,"column":111},"end":{"line":87,"column":118}}],"line":87},"15":{"loc":{"start":{"line":96,"column":10},"end":{"line":96,"column":76}},"type":"if","locations":[{"start":{"line":96,"column":10},"end":{"line":96,"column":76}},{"start":{},"end":{}}],"line":96},"16":{"loc":{"start":{"line":97,"column":52},"end":{"line":97,"column":83}},"type":"binary-expr","locations":[{"start":{"line":97,"column":52},"end":{"line":97,"column":77}},{"start":{"line":97,"column":81},"end":{"line":97,"column":83}}],"line":97},"17":{"loc":{"start":{"line":99,"column":10},"end":{"line":102,"column":11}},"type":"if","locations":[{"start":{"line":99,"column":10},"end":{"line":102,"column":11}},{"start":{},"end":{}}],"line":99},"18":{"loc":{"start":{"line":104,"column":46},"end":{"line":104,"column":69}},"type":"binary-expr","locations":[{"start":{"line":104,"column":46},"end":{"line":104,"column":61}},{"start":{"line":104,"column":65},"end":{"line":104,"column":69}}],"line":104},"19":{"loc":{"start":{"line":109,"column":8},"end":{"line":111,"column":9}},"type":"if","locations":[{"start":{"line":109,"column":8},"end":{"line":111,"column":9}},{"start":{},"end":{}}],"line":109},"20":{"loc":{"start":{"line":114,"column":4},"end":{"line":116,"column":5}},"type":"if","locations":[{"start":{"line":114,"column":4},"end":{"line":116,"column":5}},{"start":{},"end":{}}],"line":114},"21":{"loc":{"start":{"line":114,"column":8},"end":{"line":114,"column":65}},"type":"binary-expr","locations":[{"start":{"line":114,"column":8},"end":{"line":114,"column":22}},{"start":{"line":114,"column":26},"end":{"line":114,"column":51}},{"start":{"line":114,"column":55},"end":{"line":114,"column":65}}],"line":114},"22":{"loc":{"start":{"line":127,"column":15},"end":{"line":127,"column":31}},"type":"binary-expr","locations":[{"start":{"line":127,"column":15},"end":{"line":127,"column":25}},{"start":{"line":127,"column":29},"end":{"line":127,"column":31}}],"line":127},"23":{"loc":{"start":{"line":134,"column":2},"end":{"line":141,"column":3}},"type":"if","locations":[{"start":{"line":134,"column":2},"end":{"line":141,"column":3}},{"start":{},"end":{}}],"line":134},"24":{"loc":{"start":{"line":159,"column":9},"end":{"line":165,"column":8}},"type":"cond-expr","locations":[{"start":{"line":160,"column":6},"end":{"line":164,"column":30}},{"start":{"line":165,"column":6},"end":{"line":165,"column":8}}],"line":159},"25":{"loc":{"start":{"line":185,"column":4},"end":{"line":215,"column":5}},"type":"if","locations":[{"start":{"line":185,"column":4},"end":{"line":215,"column":5}},{"start":{},"end":{}}],"line":185},"26":{"loc":{"start":{"line":187,"column":6},"end":{"line":214,"column":7}},"type":"if","locations":[{"start":{"line":187,"column":6},"end":{"line":214,"column":7}},{"start":{},"end":{}}],"line":187},"27":{"loc":{"start":{"line":191,"column":8},"end":{"line":212,"column":51}},"type":"if","locations":[{"start":{"line":191,"column":8},"end":{"line":212,"column":51}},{"start":{"line":198,"column":15},"end":{"line":212,"column":51}}],"line":191},"28":{"loc":{"start":{"line":193,"column":10},"end":{"line":197,"column":11}},"type":"if","locations":[{"start":{"line":193,"column":10},"end":{"line":197,"column":11}},{"start":{"line":195,"column":17},"end":{"line":197,"column":11}}],"line":193},"29":{"loc":{"start":{"line":198,"column":15},"end":{"line":212,"column":51}},"type":"if","locations":[{"start":{"line":198,"column":15},"end":{"line":212,"column":51}},{"start":{"line":205,"column":15},"end":{"line":212,"column":51}}],"line":198},"30":{"loc":{"start":{"line":200,"column":10},"end":{"line":204,"column":11}},"type":"if","locations":[{"start":{"line":200,"column":10},"end":{"line":204,"column":11}},{"start":{"line":202,"column":17},"end":{"line":204,"column":11}}],"line":200},"31":{"loc":{"start":{"line":205,"column":15},"end":{"line":212,"column":51}},"type":"if","locations":[{"start":{"line":205,"column":15},"end":{"line":212,"column":51}},{"start":{"line":212,"column":15},"end":{"line":212,"column":51}}],"line":205},"32":{"loc":{"start":{"line":207,"column":10},"end":{"line":211,"column":11}},"type":"if","locations":[{"start":{"line":207,"column":10},"end":{"line":211,"column":11}},{"start":{"line":209,"column":17},"end":{"line":211,"column":11}}],"line":207},"33":{"loc":{"start":{"line":226,"column":4},"end":{"line":235,"column":5}},"type":"if","locations":[{"start":{"line":226,"column":4},"end":{"line":235,"column":5}},{"start":{"line":233,"column":11},"end":{"line":235,"column":5}}],"line":226},"34":{"loc":{"start":{"line":246,"column":4},"end":{"line":260,"column":5}},"type":"if","locations":[{"start":{"line":246,"column":4},"end":{"line":260,"column":5}},{"start":{"line":258,"column":11},"end":{"line":260,"column":5}}],"line":246},"35":{"loc":{"start":{"line":249,"column":6},"end":{"line":254,"column":7}},"type":"if","locations":[{"start":{"line":249,"column":6},"end":{"line":254,"column":7}},{"start":{},"end":{}}],"line":249},"36":{"loc":{"start":{"line":270,"column":27},"end":{"line":270,"column":41}},"type":"default-arg","locations":[{"start":{"line":270,"column":33},"end":{"line":270,"column":41}}],"line":270},"37":{"loc":{"start":{"line":271,"column":15},"end":{"line":271,"column":63}},"type":"cond-expr","locations":[{"start":{"line":271,"column":44},"end":{"line":271,"column":54}},{"start":{"line":271,"column":57},"end":{"line":271,"column":63}}],"line":271},"38":{"loc":{"start":{"line":271,"column":15},"end":{"line":271,"column":41}},"type":"binary-expr","locations":[{"start":{"line":271,"column":15},"end":{"line":271,"column":19}},{"start":{"line":271,"column":23},"end":{"line":271,"column":41}}],"line":271},"39":{"loc":{"start":{"line":273,"column":9},"end":{"line":273,"column":19}},"type":"binary-expr","locations":[{"start":{"line":273,"column":9},"end":{"line":273,"column":13}},{"start":{"line":273,"column":17},"end":{"line":273,"column":19}}],"line":273},"40":{"loc":{"start":{"line":286,"column":2},"end":{"line":286,"column":10}},"type":"default-arg","locations":[{"start":{"line":286,"column":8},"end":{"line":286,"column":10}}],"line":286},"41":{"loc":{"start":{"line":287,"column":2},"end":{"line":287,"column":15}},"type":"default-arg","locations":[{"start":{"line":287,"column":10},"end":{"line":287,"column":15}}],"line":287},"42":{"loc":{"start":{"line":288,"column":2},"end":{"line":288,"column":82}},"type":"default-arg","locations":[{"start":{"line":288,"column":16},"end":{"line":288,"column":82}}],"line":288},"43":{"loc":{"start":{"line":298,"column":4},"end":{"line":298,"column":57}},"type":"if","locations":[{"start":{"line":298,"column":4},"end":{"line":298,"column":57}},{"start":{},"end":{}}],"line":298},"44":{"loc":{"start":{"line":306,"column":4},"end":{"line":317,"column":5}},"type":"if","locations":[{"start":{"line":306,"column":4},"end":{"line":317,"column":5}},{"start":{"line":311,"column":11},"end":{"line":317,"column":5}}],"line":306},"45":{"loc":{"start":{"line":308,"column":6},"end":{"line":308,"column":59}},"type":"if","locations":[{"start":{"line":308,"column":6},"end":{"line":308,"column":59}},{"start":{},"end":{}}],"line":308},"46":{"loc":{"start":{"line":313,"column":34},"end":{"line":313,"column":58}},"type":"cond-expr","locations":[{"start":{"line":313,"column":42},"end":{"line":313,"column":49}},{"start":{"line":313,"column":52},"end":{"line":313,"column":58}}],"line":313},"47":{"loc":{"start":{"line":323,"column":33},"end":{"line":323,"column":41}},"type":"default-arg","locations":[{"start":{"line":323,"column":39},"end":{"line":323,"column":41}}],"line":323},"48":{"loc":{"start":{"line":323,"column":43},"end":{"line":323,"column":56}},"type":"default-arg","locations":[{"start":{"line":323,"column":51},"end":{"line":323,"column":56}}],"line":323},"49":{"loc":{"start":{"line":327,"column":12},"end":{"line":327,"column":21}},"type":"binary-expr","locations":[{"start":{"line":327,"column":12},"end":{"line":327,"column":15}},{"start":{"line":327,"column":19},"end":{"line":327,"column":21}}],"line":327},"50":{"loc":{"start":{"line":328,"column":30},"end":{"line":328,"column":54}},"type":"cond-expr","locations":[{"start":{"line":328,"column":38},"end":{"line":328,"column":45}},{"start":{"line":328,"column":48},"end":{"line":328,"column":54}}],"line":328},"51":{"loc":{"start":{"line":349,"column":2},"end":{"line":349,"column":52}},"type":"if","locations":[{"start":{"line":349,"column":2},"end":{"line":349,"column":52}},{"start":{},"end":{}}],"line":349},"52":{"loc":{"start":{"line":351,"column":2},"end":{"line":351,"column":46}},"type":"if","locations":[{"start":{"line":351,"column":2},"end":{"line":351,"column":46}},{"start":{},"end":{}}],"line":351},"53":{"loc":{"start":{"line":368,"column":4},"end":{"line":380,"column":5}},"type":"if","locations":[{"start":{"line":368,"column":4},"end":{"line":380,"column":5}},{"start":{},"end":{}}],"line":368},"54":{"loc":{"start":{"line":370,"column":8},"end":{"line":371,"column":90}},"type":"binary-expr","locations":[{"start":{"line":370,"column":8},"end":{"line":370,"column":39}},{"start":{"line":371,"column":8},"end":{"line":371,"column":90}}],"line":370},"55":{"loc":{"start":{"line":372,"column":6},"end":{"line":379,"column":7}},"type":"if","locations":[{"start":{"line":372,"column":6},"end":{"line":379,"column":7}},{"start":{"line":374,"column":13},"end":{"line":379,"column":7}}],"line":372},"56":{"loc":{"start":{"line":374,"column":13},"end":{"line":379,"column":7}},"type":"if","locations":[{"start":{"line":374,"column":13},"end":{"line":379,"column":7}},{"start":{},"end":{}}],"line":374},"57":{"loc":{"start":{"line":375,"column":8},"end":{"line":376,"column":77}},"type":"binary-expr","locations":[{"start":{"line":375,"column":8},"end":{"line":375,"column":59}},{"start":{"line":376,"column":9},"end":{"line":376,"column":40}},{"start":{"line":376,"column":44},"end":{"line":376,"column":76}}],"line":375},"58":{"loc":{"start":{"line":390,"column":14},"end":{"line":390,"column":38}},"type":"binary-expr","locations":[{"start":{"line":390,"column":14},"end":{"line":390,"column":21}},{"start":{"line":390,"column":25},"end":{"line":390,"column":38}}],"line":390},"59":{"loc":{"start":{"line":391,"column":4},"end":{"line":418,"column":5}},"type":"if","locations":[{"start":{"line":391,"column":4},"end":{"line":418,"column":5}},{"start":{},"end":{}}],"line":391},"60":{"loc":{"start":{"line":394,"column":6},"end":{"line":417,"column":7}},"type":"if","locations":[{"start":{"line":394,"column":6},"end":{"line":417,"column":7}},{"start":{},"end":{}}],"line":394},"61":{"loc":{"start":{"line":395,"column":8},"end":{"line":398,"column":9}},"type":"if","locations":[{"start":{"line":395,"column":8},"end":{"line":398,"column":9}},{"start":{},"end":{}}],"line":395},"62":{"loc":{"start":{"line":395,"column":12},"end":{"line":395,"column":86}},"type":"binary-expr","locations":[{"start":{"line":395,"column":12},"end":{"line":395,"column":38}},{"start":{"line":395,"column":43},"end":{"line":395,"column":61}},{"start":{"line":395,"column":65},"end":{"line":395,"column":85}}],"line":395},"63":{"loc":{"start":{"line":399,"column":8},"end":{"line":407,"column":9}},"type":"if","locations":[{"start":{"line":399,"column":8},"end":{"line":407,"column":9}},{"start":{},"end":{}}],"line":399},"64":{"loc":{"start":{"line":400,"column":10},"end":{"line":403,"column":60}},"type":"binary-expr","locations":[{"start":{"line":400,"column":10},"end":{"line":400,"column":36}},{"start":{"line":401,"column":10},"end":{"line":401,"column":33}},{"start":{"line":402,"column":10},"end":{"line":402,"column":39}},{"start":{"line":403,"column":11},"end":{"line":403,"column":32}},{"start":{"line":403,"column":36},"end":{"line":403,"column":59}}],"line":400},"65":{"loc":{"start":{"line":408,"column":8},"end":{"line":416,"column":9}},"type":"if","locations":[{"start":{"line":408,"column":8},"end":{"line":416,"column":9}},{"start":{},"end":{}}],"line":408},"66":{"loc":{"start":{"line":409,"column":10},"end":{"line":412,"column":60}},"type":"binary-expr","locations":[{"start":{"line":409,"column":10},"end":{"line":409,"column":36}},{"start":{"line":410,"column":10},"end":{"line":410,"column":29}},{"start":{"line":411,"column":10},"end":{"line":411,"column":39}},{"start":{"line":412,"column":11},"end":{"line":412,"column":32}},{"start":{"line":412,"column":36},"end":{"line":412,"column":59}}],"line":409},"67":{"loc":{"start":{"line":428,"column":28},"end":{"line":428,"column":39}},"type":"default-arg","locations":[{"start":{"line":428,"column":37},"end":{"line":428,"column":39}}],"line":428},"68":{"loc":{"start":{"line":428,"column":41},"end":{"line":428,"column":49}},"type":"default-arg","locations":[{"start":{"line":428,"column":47},"end":{"line":428,"column":49}}],"line":428},"69":{"loc":{"start":{"line":445,"column":32},"end":{"line":445,"column":43}},"type":"default-arg","locations":[{"start":{"line":445,"column":41},"end":{"line":445,"column":43}}],"line":445},"70":{"loc":{"start":{"line":475,"column":6},"end":{"line":480,"column":7}},"type":"if","locations":[{"start":{"line":475,"column":6},"end":{"line":480,"column":7}},{"start":{},"end":{}}],"line":475},"71":{"loc":{"start":{"line":475,"column":10},"end":{"line":475,"column":48}},"type":"binary-expr","locations":[{"start":{"line":475,"column":10},"end":{"line":475,"column":29}},{"start":{"line":475,"column":33},"end":{"line":475,"column":48}}],"line":475},"72":{"loc":{"start":{"line":479,"column":8},"end":{"line":479,"column":77}},"type":"if","locations":[{"start":{"line":479,"column":8},"end":{"line":479,"column":77}},{"start":{},"end":{}}],"line":479},"73":{"loc":{"start":{"line":490,"column":4},"end":{"line":504,"column":5}},"type":"if","locations":[{"start":{"line":490,"column":4},"end":{"line":504,"column":5}},{"start":{},"end":{}}],"line":490},"74":{"loc":{"start":{"line":493,"column":8},"end":{"line":501,"column":9}},"type":"if","locations":[{"start":{"line":493,"column":8},"end":{"line":501,"column":9}},{"start":{"line":499,"column":15},"end":{"line":501,"column":9}}],"line":493},"75":{"loc":{"start":{"line":513,"column":33},"end":{"line":513,"column":51}},"type":"default-arg","locations":[{"start":{"line":513,"column":42},"end":{"line":513,"column":51}}],"line":513},"76":{"loc":{"start":{"line":514,"column":24},"end":{"line":514,"column":49}},"type":"binary-expr","locations":[{"start":{"line":514,"column":24},"end":{"line":514,"column":43}},{"start":{"line":514,"column":47},"end":{"line":514,"column":49}}],"line":514},"77":{"loc":{"start":{"line":515,"column":2},"end":{"line":540,"column":3}},"type":"if","locations":[{"start":{"line":515,"column":2},"end":{"line":540,"column":3}},{"start":{},"end":{}}],"line":515},"78":{"loc":{"start":{"line":517,"column":15},"end":{"line":517,"column":49}},"type":"cond-expr","locations":[{"start":{"line":517,"column":38},"end":{"line":517,"column":40}},{"start":{"line":517,"column":43},"end":{"line":517,"column":49}}],"line":517},"79":{"loc":{"start":{"line":519,"column":10},"end":{"line":521,"column":11}},"type":"if","locations":[{"start":{"line":519,"column":10},"end":{"line":521,"column":11}},{"start":{},"end":{}}],"line":519},"80":{"loc":{"start":{"line":550,"column":16},"end":{"line":550,"column":62}},"type":"cond-expr","locations":[{"start":{"line":550,"column":41},"end":{"line":550,"column":48}},{"start":{"line":550,"column":51},"end":{"line":550,"column":62}}],"line":550},"81":{"loc":{"start":{"line":558,"column":19},"end":{"line":558,"column":48}},"type":"cond-expr","locations":[{"start":{"line":558,"column":31},"end":{"line":558,"column":40}},{"start":{"line":558,"column":43},"end":{"line":558,"column":48}}],"line":558},"82":{"loc":{"start":{"line":560,"column":8},"end":{"line":566,"column":9}},"type":"if","locations":[{"start":{"line":560,"column":8},"end":{"line":566,"column":9}},{"start":{},"end":{}}],"line":560},"83":{"loc":{"start":{"line":561,"column":10},"end":{"line":565,"column":11}},"type":"if","locations":[{"start":{"line":561,"column":10},"end":{"line":565,"column":11}},{"start":{"line":563,"column":17},"end":{"line":565,"column":11}}],"line":561},"84":{"loc":{"start":{"line":581,"column":2},"end":{"line":606,"column":3}},"type":"if","locations":[{"start":{"line":581,"column":2},"end":{"line":606,"column":3}},{"start":{},"end":{}}],"line":581},"85":{"loc":{"start":{"line":581,"column":6},"end":{"line":581,"column":49}},"type":"binary-expr","locations":[{"start":{"line":581,"column":6},"end":{"line":581,"column":26}},{"start":{"line":581,"column":30},"end":{"line":581,"column":49}}],"line":581},"86":{"loc":{"start":{"line":590,"column":12},"end":{"line":592,"column":13}},"type":"if","locations":[{"start":{"line":590,"column":12},"end":{"line":592,"column":13}},{"start":{},"end":{}}],"line":590},"87":{"loc":{"start":{"line":616,"column":2},"end":{"line":625,"column":3}},"type":"if","locations":[{"start":{"line":616,"column":2},"end":{"line":625,"column":3}},{"start":{},"end":{}}],"line":616},"88":{"loc":{"start":{"line":624,"column":4},"end":{"line":624,"column":70}},"type":"if","locations":[{"start":{"line":624,"column":4},"end":{"line":624,"column":70}},{"start":{},"end":{}}],"line":624},"89":{"loc":{"start":{"line":667,"column":4},"end":{"line":673,"column":5}},"type":"if","locations":[{"start":{"line":667,"column":4},"end":{"line":673,"column":5}},{"start":{"line":671,"column":11},"end":{"line":673,"column":5}}],"line":667},"90":{"loc":{"start":{"line":667,"column":8},"end":{"line":667,"column":46}},"type":"binary-expr","locations":[{"start":{"line":667,"column":8},"end":{"line":667,"column":20}},{"start":{"line":667,"column":24},"end":{"line":667,"column":46}}],"line":667},"91":{"loc":{"start":{"line":684,"column":2},"end":{"line":694,"column":3}},"type":"if","locations":[{"start":{"line":684,"column":2},"end":{"line":694,"column":3}},{"start":{},"end":{}}],"line":684},"92":{"loc":{"start":{"line":684,"column":6},"end":{"line":684,"column":41}},"type":"binary-expr","locations":[{"start":{"line":684,"column":6},"end":{"line":684,"column":13}},{"start":{"line":684,"column":17},"end":{"line":684,"column":41}}],"line":684},"93":{"loc":{"start":{"line":691,"column":4},"end":{"line":691,"column":50}},"type":"if","locations":[{"start":{"line":691,"column":4},"end":{"line":691,"column":50}},{"start":{},"end":{}}],"line":691},"94":{"loc":{"start":{"line":707,"column":4},"end":{"line":709,"column":5}},"type":"if","locations":[{"start":{"line":707,"column":4},"end":{"line":709,"column":5}},{"start":{},"end":{}}],"line":707},"95":{"loc":{"start":{"line":707,"column":8},"end":{"line":707,"column":36}},"type":"binary-expr","locations":[{"start":{"line":707,"column":8},"end":{"line":707,"column":15}},{"start":{"line":707,"column":19},"end":{"line":707,"column":36}}],"line":707}},"s":{"0":2,"1":0,"2":2,"3":2,"4":2,"5":2,"6":2,"7":2,"8":2,"9":2,"10":2,"11":0,"12":2,"13":0,"14":0,"15":0,"16":0,"17":0,"18":0,"19":0,"20":0,"21":0,"22":0,"23":0,"24":0,"25":0,"26":0,"27":0,"28":0,"29":0,"30":0,"31":0,"32":0,"33":0,"34":0,"35":0,"36":0,"37":0,"38":0,"39":0,"40":0,"41":0,"42":0,"43":0,"44":0,"45":0,"46":0,"47":0,"48":0,"49":0,"50":2,"51":0,"52":2,"53":2,"54":2,"55":2,"56":2,"57":2,"58":2,"59":2,"60":0,"61":0,"62":0,"63":2,"64":2,"65":0,"66":0,"67":0,"68":0,"69":0,"70":0,"71":0,"72":0,"73":0,"74":0,"75":0,"76":0,"77":0,"78":0,"79":0,"80":0,"81":0,"82":0,"83":0,"84":0,"85":0,"86":0,"87":0,"88":0,"89":0,"90":0,"91":0,"92":0,"93":0,"94":0,"95":0,"96":0,"97":0,"98":0,"99":0,"100":0,"101":0,"102":0,"103":0,"104":0,"105":0,"106":0,"107":0,"108":0,"109":0,"110":0,"111":0,"112":0,"113":0,"114":0,"115":0,"116":0,"117":0,"118":0,"119":0,"120":0,"121":0,"122":0,"123":0,"124":0,"125":0,"126":0,"127":0,"128":0,"129":0,"130":0,"131":0,"132":0,"133":0,"134":0,"135":0,"136":0,"137":0,"138":0,"139":0,"140":0,"141":0,"142":0,"143":0,"144":0,"145":0,"146":0,"147":0,"148":0,"149":0,"150":0,"151":0,"152":0,"153":0,"154":0,"155":0,"156":0,"157":0,"158":0,"159":0,"160":0,"161":0,"162":0,"163":0,"164":0,"165":0,"166":0,"167":0,"168":0,"169":0,"170":0,"171":0,"172":0,"173":0,"174":0,"175":0,"176":0,"177":0,"178":0,"179":0,"180":0,"181":0,"182":0,"183":0,"184":0,"185":0,"186":0,"187":0,"188":0,"189":0,"190":0,"191":0,"192":0,"193":0,"194":0,"195":0,"196":0,"197":0,"198":0,"199":0,"200":0,"201":0,"202":0,"203":0,"204":0,"205":0,"206":0,"207":0,"208":0,"209":0,"210":0,"211":0,"212":0,"213":0,"214":0,"215":0,"216":0,"217":0,"218":0,"219":0,"220":0,"221":0,"222":0,"223":0,"224":0,"225":0,"226":0,"227":0,"228":0,"229":0,"230":0,"231":0,"232":0,"233":0,"234":0,"235":0,"236":0,"237":0,"238":0,"239":0,"240":0,"241":0,"242":0,"243":0,"244":0,"245":0,"246":0,"247":0,"248":0,"249":0,"250":0,"251":0,"252":0,"253":0,"254":0,"255":0,"256":0,"257":0,"258":0,"259":0,"260":0,"261":0,"262":0,"263":0,"264":0,"265":0,"266":0,"267":0,"268":0,"269":0,"270":0,"271":0,"272":0,"273":0,"274":0,"275":0,"276":0,"277":0,"278":0,"279":0,"280":0,"281":0,"282":0,"283":0,"284":0,"285":0,"286":0,"287":0,"288":0,"289":0,"290":0,"291":0,"292":0,"293":0,"294":0,"295":0,"296":0,"297":0,"298":0,"299":0,"300":0,"301":0,"302":0,"303":0,"304":0,"305":0,"306":0,"307":0,"308":0,"309":0,"310":0,"311":0,"312":0,"313":0,"314":0,"315":0,"316":0,"317":0,"318":0,"319":0,"320":0,"321":0,"322":0,"323":0,"324":0,"325":0,"326":0,"327":0,"328":0,"329":0,"330":0,"331":2},"f":{"0":2,"1":0,"2":0,"3":0,"4":0,"5":0,"6":0,"7":0,"8":0,"9":0,"10":2,"11":2,"12":0,"13":0,"14":0,"15":0,"16":0,"17":0,"18":0,"19":0,"20":0,"21":0,"22":0,"23":0,"24":0,"25":0,"26":0,"27":0,"28":0,"29":0,"30":0,"31":0,"32":0,"33":0,"34":0,"35":0,"36":0,"37":0,"38":0,"39":0,"40":0,"41":0,"42":0,"43":0,"44":0,"45":0,"46":0,"47":0,"48":0,"49":0,"50":0,"51":0,"52":0,"53":0,"54":0,"55":0,"56":0,"57":0,"58":0,"59":0,"60":0,"61":0,"62":0,"63":0,"64":0,"65":0,"66":0,"67":0,"68":0,"69":0,"70":0,"71":0,"72":0,"73":0,"74":0,"75":0},"b":{"0":[0,0],"1":[2,0],"2":[2,0],"3":[2,0,2,0,2,0,2],"4":[2,2],"5":[2,0],"6":[0,2],"7":[0,0],"8":[0,0],"9":[0,0],"10":[0,0],"11":[0,0],"12":[0],"13":[0,0],"14":[0,0],"15":[0,0],"16":[0,0],"17":[0,0],"18":[0,0],"19":[0,0],"20":[0,2],"21":[2,2,0],"22":[2,2],"23":[0,2],"24":[0,0],"25":[0,0],"26":[0,0],"27":[0,0],"28":[0,0],"29":[0,0],"30":[0,0],"31":[0,0],"32":[0,0],"33":[0,0],"34":[0,0],"35":[0,0],"36":[0],"37":[0,0],"38":[0,0],"39":[0,0],"40":[0],"41":[0],"42":[0],"43":[0,0],"44":[0,0],"45":[0,0],"46":[0,0],"47":[0],"48":[0],"49":[0,0],"50":[0,0],"51":[0,0],"52":[0,0],"53":[0,0],"54":[0,0],"55":[0,0],"56":[0,0],"57":[0,0,0],"58":[0,0],"59":[0,0],"60":[0,0],"61":[0,0],"62":[0,0,0],"63":[0,0],"64":[0,0,0,0,0],"65":[0,0],"66":[0,0,0,0,0],"67":[0],"68":[0],"69":[0],"70":[0,0],"71":[0,0],"72":[0,0],"73":[0,0],"74":[0,0],"75":[0],"76":[0,0],"77":[0,0],"78":[0,0],"79":[0,0],"80":[0,0],"81":[0,0],"82":[0,0],"83":[0,0],"84":[0,0],"85":[0,0],"86":[0,0],"87":[0,0],"88":[0,0],"89":[0,0],"90":[0,0],"91":[0,0],"92":[0,0],"93":[0,0],"94":[0,0],"95":[0,0]},"_coverageSchema":"1a1c01bbd47fc00a2c39e90264f33305004495a9","hash":"962d2da28fdb1260258a69178bc5e3038c54c2a4"}
,"/Users/colew/Documents/Root/Work/AEM/Adobe Franklin/Repos/rf/2025RecordedFutureWebsite/scripts/blockHelpers.js": {"path":"/Users/colew/Documents/Root/Work/AEM/Adobe Franklin/Repos/rf/2025RecordedFutureWebsite/scripts/blockHelpers.js","statementMap":{"0":{"start":{"line":1,"column":20},"end":{"line":12,"column":1}},"1":{"start":{"line":2,"column":16},"end":{"line":2,"column":43}},"2":{"start":{"line":3,"column":19},"end":{"line":3,"column":36}},"3":{"start":{"line":5,"column":2},"end":{"line":9,"column":3}},"4":{"start":{"line":5,"column":15},"end":{"line":5,"column":16}},"5":{"start":{"line":6,"column":4},"end":{"line":8,"column":5}},"6":{"start":{"line":7,"column":6},"end":{"line":7,"column":64}},"7":{"start":{"line":11,"column":2},"end":{"line":11,"column":18}}},"fnMap":{"0":{"name":"(anonymous_0)","decl":{"start":{"line":1,"column":20},"end":{"line":1,"column":21}},"loc":{"start":{"line":1,"column":43},"end":{"line":12,"column":1}},"line":1}},"branchMap":{"0":{"loc":{"start":{"line":6,"column":4},"end":{"line":8,"column":5}},"type":"if","locations":[{"start":{"line":6,"column":4},"end":{"line":8,"column":5}},{"start":{},"end":{}}],"line":6},"1":{"loc":{"start":{"line":6,"column":8},"end":{"line":6,"column":86}},"type":"binary-expr","locations":[{"start":{"line":6,"column":8},"end":{"line":6,"column":43}},{"start":{"line":6,"column":47},"end":{"line":6,"column":86}}],"line":6}},"s":{"0":3,"1":5,"2":5,"3":5,"4":5,"5":7,"6":5,"7":5},"f":{"0":5},"b":{"0":[5,2],"1":[7,7]},"_coverageSchema":"1a1c01bbd47fc00a2c39e90264f33305004495a9","hash":"1d9eb964fd53fa282c28782bf0d51f7aa64536ab"}
,"/Users/colew/Documents/Root/Work/AEM/Adobe Franklin/Repos/rf/2025RecordedFutureWebsite/scripts/delayed.js": {"path":"/Users/colew/Documents/Root/Work/AEM/Adobe Franklin/Repos/rf/2025RecordedFutureWebsite/scripts/delayed.js","statementMap":{"0":{"start":{"line":3,"column":22},"end":{"line":7,"column":1}},"1":{"start":{"line":4,"column":23},"end":{"line":4,"column":48}},"2":{"start":{"line":5,"column":40},"end":{"line":5,"column":52}},"3":{"start":{"line":6,"column":2},"end":{"line":6,"column":39}},"4":{"start":{"line":9,"column":23},"end":{"line":9,"column":47}},"5":{"start":{"line":11,"column":23},"end":{"line":16,"column":1}},"6":{"start":{"line":12,"column":2},"end":{"line":14,"column":3}},"7":{"start":{"line":13,"column":4},"end":{"line":13,"column":85}},"8":{"start":{"line":15,"column":2},"end":{"line":15,"column":15}},"9":{"start":{"line":19,"column":40},"end":{"line":19,"column":61}},"10":{"start":{"line":20,"column":25},"end":{"line":20,"column":73}},"11":{"start":{"line":21,"column":19},"end":{"line":21,"column":64}},"12":{"start":{"line":23,"column":25},"end":{"line":25,"column":4}},"13":{"start":{"line":27,"column":2},"end":{"line":31,"column":7}},"14":{"start":{"line":30,"column":6},"end":{"line":30,"column":65}},"15":{"start":{"line":34,"column":0},"end":{"line":36,"column":3}},"16":{"start":{"line":35,"column":2},"end":{"line":35,"column":21}}},"fnMap":{"0":{"name":"(anonymous_0)","decl":{"start":{"line":3,"column":22},"end":{"line":3,"column":23}},"loc":{"start":{"line":3,"column":34},"end":{"line":7,"column":1}},"line":3},"1":{"name":"(anonymous_1)","decl":{"start":{"line":11,"column":23},"end":{"line":11,"column":24}},"loc":{"start":{"line":11,"column":29},"end":{"line":16,"column":1}},"line":11},"2":{"name":"addMarTechStack","decl":{"start":{"line":18,"column":22},"end":{"line":18,"column":37}},"loc":{"start":{"line":18,"column":40},"end":{"line":32,"column":1}},"line":18},"3":{"name":"(anonymous_3)","decl":{"start":{"line":28,"column":10},"end":{"line":28,"column":11}},"loc":{"start":{"line":28,"column":16},"end":{"line":28,"column":18}},"line":28},"4":{"name":"(anonymous_4)","decl":{"start":{"line":29,"column":11},"end":{"line":29,"column":12}},"loc":{"start":{"line":29,"column":22},"end":{"line":31,"column":5}},"line":29},"5":{"name":"(anonymous_5)","decl":{"start":{"line":34,"column":24},"end":{"line":34,"column":25}},"loc":{"start":{"line":34,"column":33},"end":{"line":36,"column":1}},"line":34}},"branchMap":{"0":{"loc":{"start":{"line":12,"column":2},"end":{"line":14,"column":3}},"type":"if","locations":[{"start":{"line":12,"column":2},"end":{"line":14,"column":3}},{"start":{},"end":{}}],"line":12},"1":{"loc":{"start":{"line":12,"column":6},"end":{"line":12,"column":59}},"type":"binary-expr","locations":[{"start":{"line":12,"column":6},"end":{"line":12,"column":12}},{"start":{"line":12,"column":16},"end":{"line":12,"column":31}},{"start":{"line":12,"column":35},"end":{"line":12,"column":59}}],"line":12},"2":{"loc":{"start":{"line":21,"column":19},"end":{"line":21,"column":64}},"type":"cond-expr","locations":[{"start":{"line":21,"column":38},"end":{"line":21,"column":50}},{"start":{"line":21,"column":53},"end":{"line":21,"column":64}}],"line":21}},"s":{"0":1,"1":5,"2":5,"3":4,"4":1,"5":1,"6":4,"7":4,"8":0,"9":5,"10":4,"11":4,"12":4,"13":4,"14":1,"15":1,"16":1},"f":{"0":5,"1":4,"2":5,"3":3,"4":1,"5":1},"b":{"0":[4,0],"1":[4,4,4],"2":[2,2]},"_coverageSchema":"1a1c01bbd47fc00a2c39e90264f33305004495a9","hash":"9a02d14a1e819e863c484b52b1aaf71d10de3cf1"}
,"/Users/colew/Documents/Root/Work/AEM/Adobe Franklin/Repos/rf/2025RecordedFutureWebsite/scripts/domHelpers.js": {"path":"/Users/colew/Documents/Root/Work/AEM/Adobe Franklin/Repos/rf/2025RecordedFutureWebsite/scripts/domHelpers.js","statementMap":{"0":{"start":{"line":31,"column":18},"end":{"line":31,"column":45}},"1":{"start":{"line":33,"column":2},"end":{"line":33,"column":51}},"2":{"start":{"line":33,"column":36},"end":{"line":33,"column":51}},"3":{"start":{"line":35,"column":2},"end":{"line":46,"column":3}},"4":{"start":{"line":36,"column":34},"end":{"line":36,"column":39}},"5":{"start":{"line":37,"column":4},"end":{"line":37,"column":17}},"6":{"start":{"line":39,"column":4},"end":{"line":45,"column":7}},"7":{"start":{"line":40,"column":6},"end":{"line":44,"column":7}},"8":{"start":{"line":41,"column":8},"end":{"line":41,"column":82}},"9":{"start":{"line":43,"column":8},"end":{"line":43,"column":72}},"10":{"start":{"line":48,"column":2},"end":{"line":51,"column":5}},"11":{"start":{"line":49,"column":4},"end":{"line":49,"column":105}},"12":{"start":{"line":50,"column":4},"end":{"line":50,"column":30}},"13":{"start":{"line":53,"column":2},"end":{"line":53,"column":17}},"14":{"start":{"line":61,"column":2},"end":{"line":61,"column":32}},"15":{"start":{"line":64,"column":2},"end":{"line":64,"column":30}},"16":{"start":{"line":67,"column":2},"end":{"line":67,"column":30}},"17":{"start":{"line":70,"column":2},"end":{"line":70,"column":31}},"18":{"start":{"line":73,"column":2},"end":{"line":73,"column":31}},"19":{"start":{"line":76,"column":2},"end":{"line":76,"column":31}},"20":{"start":{"line":79,"column":2},"end":{"line":79,"column":31}},"21":{"start":{"line":82,"column":2},"end":{"line":82,"column":31}},"22":{"start":{"line":85,"column":2},"end":{"line":85,"column":31}},"23":{"start":{"line":88,"column":2},"end":{"line":88,"column":31}},"24":{"start":{"line":91,"column":2},"end":{"line":91,"column":31}},"25":{"start":{"line":94,"column":2},"end":{"line":94,"column":31}},"26":{"start":{"line":97,"column":2},"end":{"line":97,"column":30}},"27":{"start":{"line":100,"column":2},"end":{"line":100,"column":32}},"28":{"start":{"line":103,"column":2},"end":{"line":103,"column":33}},"29":{"start":{"line":106,"column":2},"end":{"line":106,"column":33}},"30":{"start":{"line":109,"column":2},"end":{"line":109,"column":34}},"31":{"start":{"line":112,"column":2},"end":{"line":112,"column":34}},"32":{"start":{"line":115,"column":2},"end":{"line":115,"column":35}},"33":{"start":{"line":118,"column":2},"end":{"line":118,"column":35}},"34":{"start":{"line":121,"column":2},"end":{"line":121,"column":32}},"35":{"start":{"line":124,"column":2},"end":{"line":124,"column":37}},"36":{"start":{"line":127,"column":2},"end":{"line":127,"column":36}},"37":{"start":{"line":130,"column":2},"end":{"line":130,"column":35}},"38":{"start":{"line":133,"column":2},"end":{"line":133,"column":35}},"39":{"start":{"line":136,"column":2},"end":{"line":136,"column":35}}},"fnMap":{"0":{"name":"domEl","decl":{"start":{"line":30,"column":16},"end":{"line":30,"column":21}},"loc":{"start":{"line":30,"column":37},"end":{"line":54,"column":1}},"line":30},"1":{"name":"(anonymous_1)","decl":{"start":{"line":39,"column":39},"end":{"line":39,"column":40}},"loc":{"start":{"line":39,"column":57},"end":{"line":45,"column":5}},"line
[...]
cl":{"start":{"line":197,"column":31},"end":{"line":197,"column":32}},"loc":{"start":{"line":197,"column":47},"end":{"line":199,"column":7}},"line":197},"14":{"name":"handleCarouselAction","decl":{"start":{"line":216,"column":9},"end":{"line":216,"column":29}},"loc":{"start":{"line":216,"column":87},"end":{"line":275,"column":1}},"line":216},"15":{"name":"(anonymous_15)","decl":{"start":{"line":221,"column":14},"end":{"line":221,"column":15}},"loc":{"start":{"line":221,"column":24},"end":{"line":223,"column":3}},"line":221},"16":{"name":"createCarouselNavigation","decl":{"start":{"line":283,"column":9},"end":{"line":283,"column":33}},"loc":{"start":{"line":283,"column":54},"end":{"line":357,"column":1}},"line":283},"17":{"name":"(anonymous_17)","decl":{"start":{"line":290,"column":31},"end":{"line":290,"column":32}},"loc":{"start":{"line":290,"column":82},"end":{"line":302,"column":3}},"line":290},"18":{"name":"(anonymous_18)","decl":{"start":{"line":304,"column":35},"end":{"line":304,"column":36}},"loc":{"start":{"line":304,"column":41},"end":{"line":329,"column":3}},"line":304},"19":{"name":"(anonymous_19)","decl":{"start":{"line":320,"column":41},"end":{"line":320,"column":42}},"loc":{"start":{"line":320,"column":47},"end":{"line":322,"column":9}},"line":320},"20":{"name":"(anonymous_20)","decl":{"start":{"line":335,"column":18},"end":{"line":335,"column":19}},"loc":{"start":{"line":335,"column":24},"end":{"line":335,"column":65}},"line":335},"21":{"name":"(anonymous_21)","decl":{"start":{"line":342,"column":18},"end":{"line":342,"column":19}},"loc":{"start":{"line":342,"column":24},"end":{"line":342,"column":64}},"line":342},"22":{"name":"hexToRGB","decl":{"start":{"line":363,"column":9},"end":{"line":363,"column":17}},"loc":{"start":{"line":363,"column":23},"end":{"line":367,"column":1}},"line":363},"23":{"name":"applyBackgroundStylesFromMetadata","decl":{"start":{"line":373,"column":9},"end":{"line":373,"column":42}},"loc":{"start":{"line":373,"column":49},"end":{"line":436,"column":1}},"line":373},"24":{"name":"(anonymous_24)","decl":{"start":{"line":377,"column":19},"end":{"line":377,"column":20}},"loc":{"start":{"line":377,"column":32},"end":{"line":435,"column":3}},"line":377},"25":{"name":"(anonymous_25)","decl":{"start":{"line":379,"column":39},"end":{"line":379,"column":40}},"loc":{"start":{"line":379,"column":48},"end":{"line":379,"column":69}},"line":379},"26":{"name":"(anonymous_26)","decl":{"start":{"line":385,"column":40},"end":{"line":385,"column":41}},"loc":{"start":{"line":385,"column":49},"end":{"line":385,"column":78}},"line":385},"27":{"name":"(anonymous_27)","decl":{"start":{"line":386,"column":40},"end":{"line":386,"column":41}},"loc":{"start":{"line":386,"column":49},"end":{"line":386,"column":76}},"line":386},"28":{"name":"(anonymous_28)","decl":{"start":{"line":387,"column":43},"end":{"line":387,"column":44}},"loc":{"start":{"line":387,"column":52},"end":{"line":387,"column":83}},"line":387},"29":{"name":"(anonymous_29)","decl":{"start":{"line":388,"column":45},"end":{"line":388,"column":46}},"loc":{"start":{"line":388,"column":54},"end":{"line":388,"column":84}},"line":388},"30":{"name":"(anonymous_30)","decl":{"start":{"line":415,"column":32},"end":{"line":415,"column":33}},"loc":{"start":{"line":415,"column":41},"end":{"line":430,"column":9}},"line":415},"31":{"name":"scrollToContainer","decl":{"start":{"line":442,"column":9},"end":{"line":442,"column":26}},"loc":{"start":{"line":442,"column":38},"end":{"line":444,"column":1}},"line":442},"32":{"name":"transformType","decl":{"start":{"line":450,"column":9},"end":{"line":450,"column":22}},"loc":{"start":{"line":450,"column":28},"end":{"line":452,"column":1}},"line":450},"33":{"name":"(anonymous_33)","decl":{"start":{"line":451,"column":66},"end":{"line":451,"column":67}},"loc":{"start":{"line":451,"column":77},"end":{"line":451,"column":96}},"line":451},"34":{"name":"sanitizeInput","decl":{"start":{"line":462,"column":9},"end":{"line":462,"column":22}},"loc":{"start":{"line":462,"column":30},"end":{"line":474,"column":1}},"line":462},"35":{"name":"sanitizeHTML","decl":{"start":{"line":482,"column":9},"end":{"line":482,"column":21}},"loc":{"start":{"line":482,"column":30},"end":{"line":484,"column":1}},"line":482},"36":{"name":"encodeHTMLEntities","decl":{"start":{"line":492,"column":9},"end":{"line":492,"column":27}},"loc":{"start":{"line":492,"column":34},"end":{"line":501,"column":1}},"line":492},"37":{"name":"(anonymous_37)","decl":{"start":{"line":500,"column":34},"end":{"line":500,"column":35}},"loc":{"start":{"line":500,"column":44},"end":{"line":500,"column":53}},"line":500},"38":{"name":"decodeHTMLEntities","decl":{"start":{"line":509,"column":9},"end":{"line":509,"column":27}},"loc":{"start":{"line":509,"column":34},"end":{"line":513,"column":1}},"line":509},"39":{"name":"determineFilterType","decl":{"start":{"line":521,"column":9},"end":{"line":521,"column":28}},"loc":{"start":{"line":521,"column":36},"end":{"line":539,"column":1}},"line":521},"40":{"name":"isValidUrl","decl":{"start":{"line":547,"column":9},"end":{"line":547,"column":19}},"loc":{"start":{"line":547,"column":35},"end":{"line":554,"column":1}},"line":547},"41":{"name":"isDuplicate","decl":{"start":{"line":564,"column":9},"end":{"line":564,"column":20}},"loc":{"start":{"line":564,"column":43},"end":{"line":569,"column":1}},"line":564},"42":{"name":"(anonymous_42)","decl":{"start":{"line":568,"column":27},"end":{"line":568,"column":28}},"loc":{"start":{"line":568,"column":36},"end":{"line":568,"column":108}},"line":568}},"branchMap":{"0":{"loc":{"start":{"line":10,"column":21},"end":{"line":10,"column":72}},"type":"cond-expr","locations":[{"start":{"line":10,"column":28},"end":{"line":10,"column":49}},{"start":{"line":10,"column":52},"end":{"line":10,"column":72}}],"line":10},"1":{"loc":{"start":{"line":12,"column":4},"end":{"line":15,"column":5}},"type":"if","locations":[{"start":{"line":12,"column":4},"end":{"line":15,"column":5}},{"start":{},"end":{}}],"line":12},"2":{"loc":{"start":{"line":53,"column":4},"end":{"line":68,"column":5}},"type":"if","locations":[{"start":{"line":53,"column":4},"end":{"line":68,"column":5}},{"start":{},"end":{}}],"line":53},"3":{"loc":{"start":{"line":58,"column":6},"end":{"line":67,"column":7}},"type":"if","locations":[{"start":{"line":58,"column":6},"end":{"line":67,"column":7}},{"start":{},"end":{}}],"line":58},"4":{"loc":{"start":{"line":59,"column":8},"end":{"line":65,"column":9}},"type":"if","locations":[{"start":{"line":59,"column":8},"end":{"line":65,"column":9}},{"start":{"line":62,"column":15},"end":{"line":65,"column":9}}],"line":59},"5":{"loc":{"start":{"line":62,"column":15},"end":{"line":65,"column":9}},"type":"if","locations":[{"start":{"line":62,"column":15},"end":{"line":65,"column":9}},{"start":{},"end":{}}],"line":62},"6":{"loc":{"start":{"line":75,"column":2},"end":{"line":79,"column":3}},"type":"if","locations":[{"start":{"line":75,"column":2},"end":{"line":79,"column":3}},{"start":{"line":77,"column":9},"end":{"line":79,"column":3}}],"line":75},"7":{"loc":{"start":{"line":81,"column":2},"end":{"line":83,"column":3}},"type":"if","locations":[{"start":{"line":81,"column":2},"end":{"line":83,"column":3}},{"start":{},"end":{}}],"line":81},"8":{"loc":{"start":{"line":104,"column":15},"end":{"line":104,"column":59}},"type":"cond-expr","locations":[{"start":{"line":104,"column":27},"end":{"line":104,"column":52}},{"start":{"line":104,"column":55},"end":{"line":104,"column":59}}],"line":104},"9":{"loc":{"start":{"line":105,"column":51},"end":{"line":105,"column":67}},"type":"cond-expr","locations":[{"start":{"line":105,"column":58},"end":{"line":105,"column":62}},{"start":{"line":105,"column":65},"end":{"line":105,"column":67}}],"line":105},"10":{"loc":{"start":{"line":108,"column":24},"end":{"line":108,"column":130}},"type":"binary-expr","locations":[{"start":{"line":108,"column":24},"end":{"line":108,"column":33}},{"start":{"line":108,"column":37},"end":{"line":108,"column":130}}],"line":108},"11":{"loc":{"start":{"line":140,"column":2},"end":{"line":143,"column":3}},"type":"if","locations":[{"start":{"line":140,"column":2},"end":{"line":143,"column":3}},{"start":{},"end":{}}],"line":140},"12":{"loc":{"start":{"line":147,"column":4},"end":{"line":153,"column":5}},"type":"if","locations":[{"start":{"line":147,"column":4},"end":{"line":153,"column":5}},{"start":{"line":150,"column":11},"end":{"line":153,"column":5}}],"line":147},"13":{"loc":{"start":{"line":177,"column":49},"end":{"line":177,"column":74}},"type":"binary-expr","locations":[{"start":{"line":177,"column":49},"end":{"line":177,"column":68}},{"start":{"line":177,"column":72},"end":{"line":177,"column":74}}],"line":177},"14":{"loc":{"start":{"line":187,"column":50},"end":{"line":187,"column":68}},"type":"default-arg","locations":[{"start":{"line":187,"column":63},"end":{"line":187,"column":68}}],"line":187},"15":{"loc":{"start":{"line":195,"column":4},"end":{"line":200,"column":5}},"type":"if","locations":[{"start":{"line":195,"column":4},"end":{"line":200,"column":5}},{"start":{},"end":{}}],"line":195},"16":{"loc":{"start":{"line":205,"column":9},"end":{"line":205,"column":49}},"type":"cond-expr","locations":[{"start":{"line":205,"column":31},"end":{"line":205,"column":42}},{"start":{"line":205,"column":45},"end":{"line":205,"column":49}}],"line":205},"17":{"loc":{"start":{"line":216,"column":67},"end":{"line":216,"column":85}},"type":"default-arg","locations":[{"start":{"line":216,"column":81},"end":{"line":216,"column":85}}],"line":216},"18":{"loc":{"start":{"line":227,"column":4},"end":{"line":230,"column":5}},"type":"if","locations":[{"start":{"line":227,"column":4},"end":{"line":230,"column":5}},{"start":{},"end":{}}],"line":227},"19":{"loc":{"start":{"line":238,"column":4},"end":{"line":240,"column":38}},"type":"cond-expr","locations":[{"start":{"line":239,"column":8},"end":{"line":239,"column":26}},{"start":{"line":240,"column":8},"end":{"line":240,"column":38}}],"line":238},"20":{"loc":{"start":{"line":238,"column":4},"end":{"line":238,"column":85}},"type":"binary-expr","locations":[{"start":{"line":238,"column":4},"end":{"line":238,"column":47}},{"start":{"line":238,"column":51},"end":{"line":238,"column":85}}],"line":238},"21":{"loc":{"start":{"line":243,"column":19},"end":{"line":243,"column":71}},"type":"cond-expr","locations":[{"start":{"line":243,"column":42},"end":{"line":243,"column":53}},{"start":{"line":243,"column":56},"end":{"line":243,"column":71}}],"line":243},"22":{"loc":{"start":{"line":246,"column":2},"end":{"line":248,"column":3}},"type":"if","locations":[{"start":{"line":246,"column":2},"end":{"line":248,"column":3}},{"start":{},"end":{}}],"line":246},"23":{"loc":{"start":{"line":246,"column":6},"end":{"line":246,"column":51}},"type":"binary-expr","locations":[{"start":{"line":246,"column":6},"end":{"line":246,"column":24}},{"start":{"line":246,"column":28},"end":{"line":246,"column":51}}],"line":246},"24":{"loc":{"start":{"line":264,"column":2},"end":{"line":268,"column":3}},"type":"if","locations":[{"start":{"line":264,"column":2},"end":{"line":268,"column":3}},{"start":{"line":266,"column":9},"end":{"line":268,"column":3}}],"line":264},"25":{"loc":{"start":{"line":270,"column":2},"end":{"line":274,"column":3}},"type":"if","locations":[{"start":{"line":270,"column":2},"end":{"line":274,"column":3}},{"start":{"line":272,"column":9},"end":{"line":274,"column":3}}],"line":270},"26":{"loc":{"start":{"line":299,"column":4},"end":{"line":299,"column":66}},"type":"binary-expr","locations":[{"start":{"line":299,"column":4},"end":{"line":299,"column":16}},{"start":{"line":299,"column":20},"end":{"line":299,"column":66}}],"line":299},"27":{"loc":{"start":{"line":315,"column":6},"end":{"line":317,"column":7}},"type":"if","locations":[{"start":{"line":315,"column":6},"end":{"line":317,"column":7}},{"start":{},"end":{}}],"line":315},"28":{"loc":{"start":{"line":319,"column":6},"end":{"line":323,"column":7}},"type":"if","locations":[{"start":{"line":319,"column":6},"end":{"line":323,"column":7}},{"start":{},"end":{}}],"line":319},"29":{"loc":{"start":{"line":335,"column":4},"end":{"line":335,"column":77}},"type":"cond-expr","locations":[{"start":{"line":335,"column":18},"end":{"line":335,"column":65}},{"start":{"line":335,"column":68},"end":{"line":335,"column":77}}],"line":335},"30":{"loc":{"start":{"line":342,"column":4},"end":{"line":342,"column":76}},"type":"cond-expr","locations":[{"start":{"line":342,"column":18},"end":{"line":342,"column":64}},{"start":{"line":342,"column":67},"end":{"line":342,"column":76}}],"line":342},"31":{"loc":{"start":{"line":353,"column":2},"end":{"line":353,"column":45}},"type":"if","locations":[{"start":{"line":353,"column":2},"end":{"line":353,"column":45}},{"start":{},"end":{}}],"line":353},"32":{"loc":{"start":{"line":354,"column":2},"end":{"line":354,"column":58}},"type":"if","locations":[{"start":{"line":354,"column":2},"end":{"line":354,"column":58}},{"start":{},"end":{}}],"line":354},"33":{"loc":{"start":{"line":375,"column":2},"end":{"line":375,"column":31}},"type":"if","locations":[{"start":{"line":375,"column":2},"end":{"line":375,"column":31}},{"start":{},"end":{}}],"line":375},"34":{"loc":{"start":{"line":381,"column":4},"end":{"line":381,"column":34}},"type":"if","locations":[{"start":{"line":381,"column":4},"end":{"line":381,"column":34}},{"start":{},"end":{}}],"line":381},"35":{"loc":{"start":{"line":390,"column":4},"end":{"line":401,"column":5}},"type":"if","locations":[{"start":{"line":390,"column":4},"end":{"line":401,"column":5}},{"start":{},"end":{}}],"line":390},"36":{"loc":{"start":{"line":394,"column":6},"end":{"line":400,"column":7}},"type":"if","locations":[{"start":{"line":394,"column":6},"end":{"line":400,"column":7}},{"start":{},"end":{}}],"line":394},"37":{"loc":{"start":{"line":396,"column":8},"end":{"line":398,"column":9}},"type":"if","locations":[{"start":{"line":396,"column":8},"end":{"line":398,"column":9}},{"start":{},"end":{}}],"line":396},"38":{"loc":{"start":{"line":403,"column":4},"end":{"line":434,"column":5}},"type":"if","locations":[{"start":{"line":403,"column":4},"end":{"line":434,"column":5}},{"start":{},"end":{}}],"line":403},"39":{"loc":{"start":{"line":404,"column":27},"end":{"line":404,"column":100}},"type":"cond-expr","locations":[{"start":{"line":404,"column":50},"end":{"line":404,"column":93}},{"start":{"line":404,"column":96},"end":{"line":404,"column":100}}],"line":404},"40":{"loc":{"start":{"line":405,"column":24},"end":{"line":409,"column":25}},"type":"cond-expr","locations":[{"start":{"line":406,"column":10},"end":{"line":406,"column":36}},{"start":{"line":407,"column":10},"end":{"line":409,"column":25}}],"line":405},"41":{"loc":{"start":{"line":407,"column":10},"end":{"line":409,"column":25}},"type":"cond-expr","locations":[{"start":{"line":408,"column":12},"end":{"line":408,"column":25}},{"start":{"line":409,"column":12},"end":{"line":409,"column":25}}],"line":407},"42":{"loc":{"start":{"line":412,"column":6},"end":{"line":433,"column":7}},"type":"if","locations":[{"start":{"line":412,"column":6},"end":{"line":433,"column":7}},{"start":{},"end":{}}],"line":412},"43":{"loc":{"start":{"line":417,"column":10},"end":{"line":429,"column":11}},"type":"if","locations":[{"start":{"line":417,"column":10},"end":{"line":429,"column":11}},{"start":{},"end":{}}],"line":417},"44":{"loc":{"start":{"line":419,"column":12},"end":{"line":421,"column":13}},"type":"if","locations":[{"start":{"line":419,"column":12},"end":{"line":421,"column":13}},{"start":{},"end":{}}],"line":419},"45":{"loc":{"start":{"line":423,"column":12},"end":{"line":428,"column":13}},"type":"if","locations":[{"start":{"line":423,"column":12},"end":{"line":428,"column":13}},{"start":{},"end":{}}],"line":423},"46":{"loc":{"start":{"line":522,"column":2},"end":{"line":522,"column":26}},"type":"if","locations":[{"start":{"line":522,"column":2},"end":{"line":522,"column":26}},{"start":{},"end":{}}],"line":522},"47":{"loc":{"start":{"line":524,"column":2},"end":{"line":526,"column":3}},"type":"if","locations":[{"start":{"line":524,"column":2},"end":{"line":526,"column":3}},{"start":{},"end":{}}],"line":524},"48":{"loc":{"start":{"line":528,"column":2},"end":{"line":530,"column":3}},"type":"if","locations":[{"start":{"line":528,"column":2},"end":{"line":530,"column":3}},{"start":{},"end":{}}],"line":528},"49":{"loc":{"start":{"line":565,"column":2},"end":{"line":567,"column":3}},"type":"if","locations":[{"start":{"line":565,"column":2},"end":{"line":567,"column":3}},{"start":{},"end":{}}],"line":565},"50":{"loc":{"start":{"line":565,"column":6},"end":{"line":565,"column":62}},"type":"binary-expr","locations":[{"start":{"line":565,"column":6},"end":{"line":565,"column":13}},{"start":{"line":565,"column":17},"end":{"line":565,"column":30}},{"start":{"line":565,"column":34},"end":{"line":565,"column":62}}],"line":565},"51":{"loc":{"start":{"line":568,"column":36},"end":{"line":568,"column":108}},"type":"binary-expr","locations":[{"start":{"line":568,"column":36},"end":{"line":568,"column":60}},{"start":{"line":568,"column":65},"end":{"line":568,"column":75}},{"start":{"line":568,"column":79},"end":{"line":568,"column":107}}],"line":568}},"s":{"0":4,"1":4,"2":4,"3":3,"4":2,"5":2,"6":1,"7":2,"8":1,"9":1,"10":1,"11":4,"12":3,"13":3,"14":4,"15":4,"16":3,"17":3,"18":3,"19":3,"20":3,"21":2,"22":1,"23":1,"24":1,"25":1,"26":1,"27":2,"28":7,"29":2,"30":5,"31":7,"32":4,"33":3,"34":3,"35":3,"36":0,"37":0,"38":0,"39":0,"40":0,"41":0,"42":0,"43":0,"44":0,"45":0,"46":0,"47":0,"48":0,"49":0,"50":0,"51":0,"52":0,"53":0,"54":0,"55":0,"56":0,"57":0,"58":0,"59":0,"60":0,"61":0,"62":0,"63":0,"64":0,"65":0,"66":0,"67":0,"68":0,"69":0,"70":0,"71":0,"72":0,"73":0,"74":0,"75":0,"76":0,"77":0,"78":0,"79":0,"80":0,"81":0,"82":0,"83":0,"84":0,"85":0,"86":0,"87":0,"88":0,"89":0,"90":0,"91":0,"92":0,"93":0,"94":0,"95":0,"96":0,"97":0,"98":0,"99":0,"100":0,"101":0,"102":0,"103":0,"104":0,"105":0,"106":0,"107":0,"108":0,"109":0,"110":0,"111":0,"112":0,"113":0,"114":0,"115":0,"116":0,"117":0,"118":0,"119":0,"120":0,"121":0,"122":0,"123":0,"124":0,"125":0,"126":0,"127":0,"128":0,"129":0,"130":0,"131":0,"132":0,"133":0,"134":0,"135":0,"136":0,"137":0,"138":0,"139":0,"140":0,"141":0,"142":0,"143":0,"144":0,"145":0,"146":0,"147":0,"148":0,"149":11,"150":11,"151":11,"152":6,"153":6,"154":0,"155":6,"156":12,"157":12,"158":45,"159":12,"160":2,"161":10,"162":10,"163":21,"164":10,"165":10,"166":10,"167":33,"168":10,"169":33,"170":10,"171":10,"172":10,"173":10,"174":10,"175":10,"176":8,"177":10,"178":10,"179":10,"180":10,"181":10,"182":10,"183":10,"184":10,"185":15,"186":15,"187":15,"188":15,"189":15,"190":15,"191":0,"192":0,"193":0,"194":0,"195":10,"196":0,"197":6,"198":5,"199":0,"200":0,"201":0,"202":6,"203":6,"204":18,"205":6,"206":6,"207":6,"208":6,"209":3,"210":3,"211":1,"212":2,"213":1,"214":1,"215":0,"216":0,"217":0,"218":0,"219":8,"220":3,"221":5,"222":4},"f":{"0":4,"1":4,"2":3,"3":4,"4":7,"5":0,"6":0,"7":0,"8":0,"9":0,"10":0,"11":0,"12":0,"13":0,"14":0,"15":0,"16":0,"17":0,"18":0,"19":0,"20":0,"21":0,"22":11,"23":6,"24":12,"25":45,"26":21,"27":10,"28":33,"29":33,"30":15,"31":0,"32":6,"33":5,"34":0,"35":0,"36":6,"37":18,"38":6,"39":6,"40":0,"41":8,"42":4},"b":{"0":[1,3],"1":[2,1],"2":[3,1],"3":[2,1],"4":[1,1],"5":[1,0],"6":[2,5],"7":[4,3],"8":[0,0],"9":[0,0],"10":[0,0],"11":[0,0],"12":[0,0],"13":[0,0],"14":[0],"15":[0,0],"16":[0,0],"17":[0],"18":[0,0],"19":[0,0],"20":[0,0],"21":[0,0],"22":[0,0],"23":[0,0],"24":[0,0],"25":[0,0],"26":[0,0],"27":[0,0],"28":[0,0],"29":[0,0],"30":[0,0],"31":[0,0],"32":[0,0],"33":[0,6],"34":[2,10],"35":[10,0],"36":[10,0],"37":[8,2],"38":[10,0],"39":[0,10],"40":[0,10],"41":[2,8],"42":[10,0],"43":[15,0],"44":[15,0],"45":[0,15],"46":[3,3],"47":[1,2],"48":[1,1],"49":[3,5],"50":[8,6,5],"51":[4,2,2]},"_coverageSchema":"1a1c01bbd47fc00a2c39e90264f33305004495a9","hash":"db6b0841c3304711fe81694032694ae589bb562e"}
}
