TN:
SF:blocks/chilipiper-embed/chilipiper-embed.js
FN:7,(anonymous_0)
FN:12,(anonymous_1)
FN:43,decorate
FN:59,(anonymous_3)
FN:60,(anonymous_4)
FNF:5
FNH:1
FNDA:3,(anonymous_0)
FNDA:0,(anonymous_1)
FNDA:0,decorate
FNDA:0,(anonymous_3)
FNDA:0,(anonymous_4)
DA:7,1
DA:8,3
DA:9,2
DA:12,1
DA:13,0
DA:14,0
DA:17,0
DA:25,0
DA:26,0
DA:44,0
DA:50,0
DA:51,0
DA:56,0
DA:57,0
DA:59,0
DA:60,0
DA:61,0
DA:62,0
DA:72,0
LF:19
LH:4
BRDA:13,0,0,0
BRDA:13,0,1,0
BRDA:60,1,0,0
BRDA:60,1,1,0
BRF:4
BRH:0
end_of_record
TN:
SF:blocks/hubspot-embed/hubspot-embed.js
FN:7,(anonymous_0)
FN:13,(anonymous_1)
FN:19,(anonymous_2)
FN:48,decorate
FN:64,(anonymous_4)
FN:65,(anonymous_5)
FNF:6
FNH:1
FNDA:3,(anonymous_0)
FNDA:0,(anonymous_1)
FNDA:0,(anonymous_2)
FNDA:0,decorate
FNDA:0,(anonymous_4)
FNDA:0,(anonymous_5)
DA:7,1
DA:8,3
DA:9,2
DA:14,0
DA:19,1
DA:20,0
DA:21,0
DA:24,0
DA:31,0
DA:32,0
DA:49,0
DA:50,0
DA:51,0
DA:55,0
DA:56,0
DA:61,0
DA:62,0
DA:64,0
DA:65,0
DA:66,0
DA:67,0
DA:76,0
LF:22
LH:4
BRDA:20,0,0,0
BRDA:20,0,1,0
BRDA:65,1,0,0
BRDA:65,1,1,0
BRF:4
BRH:0
end_of_record
TN:
SF:scripts/aem.js
FN:14,sampleRUM
FN:16,(anonymous_1)
FN:19,(anonymous_2)
FN:37,(anonymous_3)
FN:40,(anonymous_4)
FN:46,(anonymous_5)
FN:57,(anonymous_6)
FN:62,(anonymous_7)
FN:75,(anonymous_8)
FN:94,(anonymous_9)
FN:126,setup
FN:148,init
FN:158,toClassName
FN:173,toCamelCase
FN:174,(anonymous_14)
FN:182,readBlockConfig
FN:184,(anonymous_16)
FN:196,(anonymous_17)
FN:203,(anonymous_18)
FN:210,(anonymous_19)
FN:224,loadCSS
FN:225,(anonymous_21)
FN:244,loadScript
FN:245,(anonymous_23)
FN:270,getMetadata
FN:272,(anonymous_25)
FN:284,createOptimizedPicture
FN:296,(anonymous_27)
FN:305,(anonymous_28)
FN:323,optimizeAlgoliaImg
FN:330,(anonymous_30)
FN:342,decorateTemplateAndTheme
FN:343,(anonymous_32)
FN:344,(anonymous_33)
FN:358,wrapTextNodes
FN:361,(anonymous_35)
FN:367,(anonymous_36)
FN:371,(anonymous_37)
FN:388,decorateButtons
FN:389,(anonymous_39)
FN:428,decorateIcon
FN:430,(anonymous_41)
FN:445,decorateIcons
FN:447,(anonymous_43)
FN:456,decorateDefaultContentHeading
FN:458,(anonymous_45)
FN:470,decorateSections
FN:471,(anonymous_47)
FN:474,(anonymous_48)
FN:483,(anonymous_49)
FN:492,(anonymous_50)
FN:496,(anonymous_51)
FN:497,(anonymous_52)
FN:498,(anonymous_53)
FN:513,fetchPlaceholders
FN:516,(anonymous_55)
FN:518,(anonymous_56)
FN:524,(anonymous_57)
FN:527,(anonymous_58)
FN:528,(anonymous_59)
FN:534,(anonymous_60)
FN:549,buildBlock
FN:554,(anonymous_62)
FN:556,(anonymous_63)
FN:559,(anonymous_64)
FN:579,loadBlock
FN:586,(anonymous_66)
FN:587,(anonymous_67)
FN:614,decorateBlock
FN:632,decorateBlocks
FN:641,loadHeader
FN:653,loadFooter
FN:664,waitForFirstImage
FN:666,(anonymous_73)
FN:682,loadSection
FN:702,loadSections
FNF:76
FNH:3
FNDA:2,sampleRUM
FNDA:0,(anonymous_1)
FNDA:0,(anonymous_2)
FNDA:0,(anonymous_3)
FNDA:0,(anonymous_4)
FNDA:0,(anonymous_5)
FNDA:0,(anonymous_6)
FNDA:0,(anonymous_7)
FNDA:0,(anonymous_8)
FNDA:0,(anonymous_9)
FNDA:2,setup
FNDA:2,init
FNDA:0,toClassName
FNDA:0,toCamelCase
FNDA:0,(anonymous_14)
FNDA:0,readBlockConfig
FNDA:0,(anonymous_16)
FNDA:0,(anonymous_17)
FNDA:0,(anonymous_18)
FNDA:0,(anonymous_19)
FNDA:0,loadCSS
FNDA:0,(anonymous_21)
FNDA:0,loadScript
FNDA:0,(anonymous_23)
FNDA:0,getMetadata
FNDA:0,(anonymous_25)
FNDA:0,createOptimizedPicture
FNDA:0,(anonymous_27)
FNDA:0,(anonymous_28)
FNDA:0,optimizeAlgoliaImg
FNDA:0,(anonymous_30)
FNDA:0,decorateTemplateAndTheme
FNDA:0,(anonymous_32)
FNDA:0,(anonymous_33)
FNDA:0,wrapTextNodes
FNDA:0,(anonymous_35)
FNDA:0,(anonymous_36)
FNDA:0,(anonymous_37)
FNDA:0,decorateButtons
FNDA:0,(anonymous_39)
FNDA:0,decorateIcon
FNDA:0,(anonymous_41)
FNDA:0,decorateIcons
FNDA:0,(anonymous_43)
FNDA:0,decorateDefaultContentHeading
FNDA:0,(anonymous_45)
FNDA:0,decorateSections
FNDA:0,(anonymous_47)
FNDA:0,(anonymous_48)
FNDA:0,(anonymous_49)
FNDA:0,(anonymous_50)
FNDA:0,(anonymous_51)
FNDA:0,(anonymous_52)
FNDA:0,(anonymous_53)
FNDA:0,fetchPlaceholders
FNDA:0,(anonymous_55)
FNDA:0,(anonymous_56)
FNDA:0,(anonymous_57)
FNDA:0,(anonymous_58)
FNDA:0,(anonymous_59)
FNDA:0,(anonymous_60)
FNDA:0,buildBlock
FNDA:0,(anonymous_62)
FNDA:0,(anonymous_63)
FNDA:0,(anonymous_64)
FNDA:0,loadBlock
FNDA:0,(anonymous_66)
FNDA:0,(anonymous_67)
FNDA:0,decorateBlock
FNDA:0,decorateBlocks
FNDA:0,loadHeader
FNDA:0,loadFooter
FNDA:0,waitForFirstImage
FNDA:0,(anonymous_73)
FNDA:0,loadSection
FNDA:0,loadSections
DA:16,2
DA:17,2
DA:18,2
DA:19,2
DA:20,2
DA:21,2
DA:23,2
DA:27,2
DA:28,2
DA:30,2
DA:37,0
DA:39,2
DA:40,0
DA:41,0
DA:42,0
DA:43,0
DA:44,0
DA:46,0
DA:54,0
DA:57,0
DA:58,0
DA:59,0
DA:62,0
DA:63,0
DA:67,0
DA:68,0
DA:70,0
DA:73,0
DA:74,0
DA:75,0
DA:77,0
DA:85,0
DA:86,0
DA:87,0
DA:88,0
DA:90,0
DA:92,0
DA:94,0
DA:96,0
DA:97,0
DA:98,0
DA:99,0
DA:100,0
DA:101,0
DA:103,0
DA:107,0
DA:109,0
DA:110,0
DA:114,2
DA:115,0
DA:117,2
DA:127,2
DA:128,2
DA:129,2
DA:130,2
DA:131,2
DA:133,2
DA:134,2
DA:135,0
DA:136,0
DA:139,0
DA:149,2
DA:150,2
DA:159,0
DA:174,0
DA:183,0
DA:184,0
DA:185,0
DA:186,0
DA:187,0
DA:188,0
DA:189,0
DA:190,0
DA:191,0
DA:192,0
DA:193,0
DA:194,0
DA:196,0
DA:198,0
DA:199,0
DA:200,0
DA:201,0
DA:203,0
DA:205,0
DA:206,0
DA:207,0
DA:208,0
DA:210,0
DA:212,0
DA:213,0
DA:217,0
DA:225,0
DA:226,0
DA:227,0
DA:228,0
DA:229,0
DA:230,0
DA:231,0
DA:232,0
DA:234,0
DA:245,0
DA:246,0
DA:247,0
DA:248,0
DA:249,0
DA:251,0
DA:252,0
DA:255,0
DA:256,0
DA:257,0
DA:259,0
DA:271,0
DA:272,0
DA:273,0
DA:290,0
DA:291,0
DA:292,0
DA:293,0
DA:296,0
DA:297,0
DA:298,0
DA:299,0
DA:300,0
DA:301,0
DA:305,0
DA:306,0
DA:307,0
DA:308,0
DA:309,0
DA:310,0
DA:312,0
DA:313,0
DA:314,0
DA:315,0
DA:316,0
DA:320,0
DA:324,0
DA:325,0
DA:326,0
DA:327,0
DA:328,0
DA:330,0
DA:331,0
DA:332,0
DA:335,0
DA:336,0
DA:343,0
DA:344,0
DA:345,0
DA:348,0
DA:349,0
DA:350,0
DA:351,0
DA:359,0
DA:361,0
DA:362,0
DA:363,0
DA:364,0
DA:367,0
DA:368,0
DA:370,0
DA:371,0
DA:372,0
DA:373,0
DA:374,0
DA:378,0
DA:389,0
DA:390,0
DA:391,0
DA:392,0
DA:393,0
DA:394,0
DA:395,0
DA:396,0
DA:397,0
DA:399,0
DA:405,0
DA:406,0
DA:408,0
DA:414,0
DA:415,0
DA:429,0
DA:430,0
DA:432,0
DA:433,0
DA:434,0
DA:435,0
DA:436,0
DA:437,0
DA:446,0
DA:447,0
DA:448,0
DA:457,0
DA:458,0
DA:459,0
DA:460,0
DA:461,0
DA:462,0
DA:471,0
DA:472,0
DA:473,0
DA:474,0
DA:475,0
DA:476,0
DA:477,0
DA:478,0
DA:479,0
DA:481,0
DA:483,0
DA:484,0
DA:485,0
DA:486,0
DA:489,0
DA:490,0
DA:491,0
DA:492,0
DA:493,0
DA:494,0
DA:496,0
DA:497,0
DA:498,0
DA:500,0
DA:503,0
DA:514,0
DA:515,0
DA:516,0
DA:517,0
DA:519,0
DA:520,0
DA:522,0
DA:525,0
DA:526,0
DA:527,0
DA:529,0
DA:531,0
DA:532,0
DA:536,0
DA:537,0
DA:541,0
DA:550,0
DA:551,0
DA:553,0
DA:554,0
DA:555,0
DA:556,0
DA:557,0
DA:558,0
DA:559,0
DA:560,0
DA:561,0
DA:562,0
DA:564,0
DA:568,0
DA:570,0
DA:572,0
DA:580,0
DA:581,0
DA:582,0
DA:583,0
DA:584,0
DA:585,0
DA:586,0
DA:587,0
DA:588,0
DA:589,0
DA:590,0
DA:591,0
DA:595,0
DA:597,0
DA:600,0
DA:603,0
DA:605,0
DA:607,0
DA:615,0
DA:616,0
DA:617,0
DA:618,0
DA:619,0
DA:620,0
DA:621,0
DA:622,0
DA:623,0
DA:624,0
DA:633,0
DA:642,0
DA:643,0
DA:644,0
DA:645,0
DA:654,0
DA:655,0
DA:656,0
DA:657,0
DA:665,0
DA:666,0
DA:667,0
DA:668,0
DA:669,0
DA:670,0
DA:672,0
DA:683,0
DA:684,0
DA:685,0
DA:686,0
DA:687,0
DA:689,0
DA:691,0
DA:692,0
DA:693,0
DA:703,0
DA:704,0
DA:706,0
DA:707,0
DA:708,0
DA:713,2
LF:314
LH:23
BRDA:16,0,0,0
BRDA:16,0,1,0
BRDA:18,1,0,2
BRDA:18,1,1,0
BRDA:20,2,0,2
BRDA:20,2,1,0
BRDA:23,3,0,2
BRDA:23,3,1,0
BRDA:23,3,2,2
BRDA:23,3,3,0
BRDA:23,3,4,2
BRDA:23,3,5,0
BRDA:23,3,6,2
BRDA:28,4,0,2
BRDA:28,4,1,2
BRDA:34,5,0,2
BRDA:34,5,1,0
BRDA:39,6,0,0
BRDA:39,6,1,2
BRDA:65,7,0,0
BRDA:65,7,1,0
BRDA:67,8,0,0
BRDA:67,8,1,0
BRDA:73,9,0,0
BRDA:73,9,1,0
BRDA:73,10,0,0
BRDA:73,10,1,0
BRDA:74,11,0,0
BRDA:74,11,1,0
BRDA:75,12,0,0
BRDA:85,13,0,0
BRDA:85,13,1,0
BRDA:87,14,0,0
BRDA:87,14,1,0
BRDA:96,15,0,0
BRDA:96,15,1,0
BRDA:97,16,0,0
BRDA:97,16,1,0
BRDA:99,17,0,0
BRDA:99,17,1,0
BRDA:104,18,0,0
BRDA:104,18,1,0
BRDA:109,19,0,0
BRDA:109,19,1,0
BRDA:114,20,0,0
BRDA:114,20,1,2
BRDA:114,21,0,2
BRDA:114,21,1,2
BRDA:114,21,2,0
BRDA:127,22,0,2
BRDA:127,22,1,2
BRDA:134,23,0,0
BRDA:134,23,1,2
BRDA:159,24,0,0
BRDA:159,24,1,0
BRDA:185,25,0,0
BRDA:185,25,1,0
BRDA:187,26,0,0
BRDA:187,26,1,0
BRDA:191,27,0,0
BRDA:191,27,1,0
BRDA:193,28,0,0
BRDA:193,28,1,0
BRDA:198,29,0,0
BRDA:198,29,1,0
BRDA:200,30,0,0
BRDA:200,30,1,0
BRDA:205,31,0,0
BRDA:205,31,1,0
BRDA:207,32,0,0
BRDA:207,32,1,0
BRDA:226,33,0,0
BRDA:226,33,1,0
BRDA:246,34,0,0
BRDA:246,34,1,0
BRDA:249,35,0,0
BRDA:249,35,1,0
BRDA:270,36,0,0
BRDA:271,37,0,0
BRDA:271,37,1,0
BRDA:271,38,0,0
BRDA:271,38,1,0
BRDA:273,39,0,0
BRDA:273,39,1,0
BRDA:286,40,0,0
BRDA:287,41,0,0
BRDA:288,42,0,0
BRDA:298,43,0,0
BRDA:298,43,1,0
BRDA:306,44,0,0
BRDA:306,44,1,0
BRDA:308,45,0,0
BRDA:308,45,1,0
BRDA:313,46,0,0
BRDA:313,46,1,0
BRDA:323,47,0,0
BRDA:323,48,0,0
BRDA:327,49,0,0
BRDA:327,49,1,0
BRDA:328,50,0,0
BRDA:328,50,1,0
BRDA:349,51,0,0
BRDA:349,51,1,0
BRDA:351,52,0,0
BRDA:351,52,1,0
BRDA:368,53,0,0
BRDA:368,53,1,0
BRDA:370,54,0,0
BRDA:370,54,1,0
BRDA:372,55,0,0
BRDA:372,55,1,0
BRDA:374,56,0,0
BRDA:374,56,1,0
BRDA:375,57,0,0
BRDA:375,57,1,0
BRDA:375,57,2,0
BRDA:390,58,0,0
BRDA:390,58,1,0
BRDA:391,59,0,0
BRDA:391,59,1,0
BRDA:394,60,0,0
BRDA:394,60,1,0
BRDA:395,61,0,0
BRDA:395,61,1,0
BRDA:395,62,0,0
BRDA:395,62,1,0
BRDA:395,62,2,0
BRDA:399,63,0,0
BRDA:399,63,1,0
BRDA:400,64,0,0
BRDA:400,64,1,0
BRDA:400,64,2,0
BRDA:400,64,3,0
BRDA:400,64,4,0
BRDA:408,65,0,0
BRDA:408,65,1,0
BRDA:409,66,0,0
BRDA:409,66,1,0
BRDA:409,66,2,0
BRDA:409,66,3,0
BRDA:409,66,4,0
BRDA:428,67,0,0
BRDA:428,68,0,0
BRDA:445,69,0,0
BRDA:475,70,0,0
BRDA:475,70,1,0
BRDA:475,71,0,0
BRDA:475,71,1,0
BRDA:479,72,0,0
BRDA:479,72,1,0
BRDA:490,73,0,0
BRDA:490,73,1,0
BRDA:493,74,0,0
BRDA:493,74,1,0
BRDA:513,75,0,0
BRDA:514,76,0,0
BRDA:514,76,1,0
BRDA:515,77,0,0
BRDA:515,77,1,0
BRDA:517,78,0,0
BRDA:517,78,1,0
BRDA:519,79,0,0
BRDA:519,79,1,0
BRDA:550,80,0,0
BRDA:550,80,1,0
BRDA:558,81,0,0
BRDA:558,81,1,0
BRDA:560,82,0,0
BRDA:560,82,1,0
BRDA:561,83,0,0
BRDA:561,83,1,0
BRDA:581,84,0,0
BRDA:581,84,1,0
BRDA:581,85,0,0
BRDA:581,85,1,0
BRDA:590,86,0,0
BRDA:590,86,1,0
BRDA:616,87,0,0
BRDA:616,87,1,0
BRDA:624,88,0,0
BRDA:624,88,1,0
BRDA:667,89,0,0
BRDA:667,89,1,0
BRDA:667,90,0,0
BRDA:667,90,1,0
BRDA:684,91,0,0
BRDA:684,91,1,0
BRDA:684,92,0,0
BRDA:684,92,1,0
BRDA:691,93,0,0
BRDA:691,93,1,0
BRDA:707,94,0,0
BRDA:707,94,1,0
BRDA:707,95,0,0
BRDA:707,95,1,0
BRF:195
BRH:16
end_of_record
TN:
SF:scripts/blockHelpers.js
FN:1,(anonymous_0)
FNF:1
FNH:1
FNDA:5,(anonymous_0)
DA:1,3
DA:2,5
DA:3,5
DA:5,5
DA:6,7
DA:7,5
DA:11,5
LF:7
LH:7
BRDA:6,0,0,5
BRDA:6,0,1,2
BRDA:6,1,0,7
BRDA:6,1,1,7
BRF:4
BRH:4
end_of_record
TN:
SF:scripts/delayed.js
FN:3,(anonymous_0)
FN:11,(anonymous_1)
FN:18,addMarTechStack
FN:28,(anonymous_3)
FN:29,(anonymous_4)
FN:34,(anonymous_5)
FNF:6
FNH:6
FNDA:5,(anonymous_0)
FNDA:4,(anonymous_1)
FNDA:5,addMarTechStack
FNDA:3,(anonymous_3)
FNDA:1,(anonymous_4)
FNDA:1,(anonymous_5)
DA:3,1
DA:4,5
DA:5,5
DA:6,4
DA:9,1
DA:11,1
DA:12,4
DA:13,4
DA:15,0
DA:19,5
DA:20,4
DA:21,4
DA:23,4
DA:27,4
DA:30,1
DA:34,1
DA:35,1
LF:17
LH:16
BRDA:12,0,0,4
BRDA:12,0,1,0
BRDA:12,1,0,4
BRDA:12,1,1,4
BRDA:12,1,2,4
BRDA:21,2,0,2
BRDA:21,2,1,2
BRF:7
BRH:6
end_of_record
TN:
SF:scripts/domHelpers.js
FN:30,domEl
FN:39,(anonymous_1)
FN:48,(anonymous_2)
FN:60,div
FN:63,p
FN:66,a
FN:69,h1
FN:72,h2
FN:75,h3
FN:78,h4
FN:81,h5
FN:84,h6
FN:87,ul
FN:90,ol
FN:93,li
FN:96,i
FN:99,img
FN:102,span
FN:105,form
FN:108,input
FN:111,label
FN:114,button
FN:117,iframe
FN:120,nav
FN:123,fieldset
FN:126,article
FN:129,strong
FN:132,select
FN:135,option
FNF:29
FNH:29
FNDA:33,domEl
FNDA:5,(anonymous_1)
FNDA:3,(anonymous_2)
FNDA:1,div
FNDA:1,p
FNDA:1,a
FNDA:1,h1
FNDA:1,h2
FNDA:1,h3
FNDA:1,h4
FNDA:1,h5
FNDA:1,h6
FNDA:1,ul
FNDA:1,ol
FNDA:1,li
FNDA:1,i
FNDA:1,img
FNDA:1,span
FNDA:1,form
FNDA:1,input
FNDA:1,label
FNDA:1,button
FNDA:1,iframe
FNDA:1,nav
FNDA:1,fieldset
FNDA:1,article
FNDA:1,strong
FNDA:1,select
FNDA:1,option
DA:31,33
DA:33,33
DA:35,5
DA:36,3
DA:37,3
DA:39,3
DA:40,5
DA:41,4
DA:43,1
DA:48,5
DA:49,3
DA:50,3
DA:53,5
DA:61,1
DA:64,1
DA:67,1
DA:70,1
DA:73,1
DA:76,1
DA:79,1
DA:82,1
DA:85,1
DA:88,1
DA:91,1
DA:94,1
DA:97,1
DA:100,1
DA:103,1
DA:106,1
DA:109,1
DA:112,1
DA:115,1
DA:118,1
DA:121,1
DA:124,1
DA:127,1
DA:130,1
DA:133,1
DA:136,1
LF:39
LH:39
BRDA:33,0,0,28
BRDA:33,0,1,5
BRDA:33,1,0,33
BRDA:33,1,1,33
BRDA:35,2,0,3
BRDA:35,2,1,2
BRDA:35,3,0,5
BRDA:35,3,1,4
BRDA:35,4,0,5
BRDA:35,4,1,4
BRDA:40,5,0,4
BRDA:40,5,1,1
BRDA:41,6,0,1
BRDA:41,6,1,3
BRDA:49,7,0,2
BRDA:49,7,1,1
BRDA:49,8,0,3
BRDA:49,8,1,1
BRF:18
BRH:18
end_of_record
TN:
SF:scripts/stringHelper.js
FN:1,(anonymous_0)
FNF:1
FNH:1
FNDA:10,(anonymous_0)
DA:1,3
DA:2,10
DA:3,10
DA:4,10
DA:5,10
DA:6,10
DA:7,1060
DA:8,1060
DA:10,10
LF:9
LH:9
BRF:0
BRH:0
end_of_record
TN:
SF:services/greenhouse/greenhouse.js
FN:47,(anonymous_0)
FN:60,(anonymous_1)
FN:79,(anonymous_2)
FN:106,(anonymous_3)
FN:116,(anonymous_4)
FN:139,(anonymous_5)
FN:163,(anonymous_6)
FN:177,(anonymous_7)
FN:192,(anonymous_8)
FN:206,(anonymous_9)
FN:208,(anonymous_10)
FN:222,(anonymous_11)
FN:224,(anonymous_12)
FN:232,(anonymous_13)
FN:235,(anonymous_14)
FN:247,(anonymous_15)
FN:247,(anonymous_16)
FN:255,(anonymous_17)
FN:257,(anonymous_18)
FN:266,(anonymous_19)
FN:267,(anonymous_20)
FN:271,(anonymous_21)
FN:280,(anonymous_22)
FN:282,(anonymous_23)
FN:283,(anonymous_24)
FN:285,(anonymous_25)
FN:293,(anonymous_26)
FN:297,(anonymous_27)
FN:321,(anonymous_28)
FN:337,(anonymous_29)
FN:345,(anonymous_30)
FN:355,(anonymous_31)
FN:369,(anonymous_32)
FN:417,(anonymous_33)
FN:434,(anonymous_34)
FN:442,(anonymous_35)
FN:451,(anonymous_36)
FN:465,(anonymous_37)
FN:470,(anonymous_38)
FN:475,(anonymous_39)
FN:483,(anonymous_40)
FN:496,(anonymous_41)
FN:501,(anonymous_42)
FN:507,(anonymous_43)
FN:515,(anonymous_44)
FN:530,(anonymous_45)
FN:541,(anonymous_46)
FN:544,(anonymous_47)
FN:556,(anonymous_48)
FN:557,(anonymous_49)
FN:573,(anonymous_50)
FN:581,(anonymous_51)
FN:599,(anonymous_52)
FNF:53
FNH:46
FNDA:88,(anonymous_0)
FNDA:6,(anonymous_1)
FNDA:0,(anonymous_2)
FNDA:0,(anonymous_3)
FNDA:0,(anonymous_4)
FNDA:0,(anonymous_5)
FNDA:0,(anonymous_6)
FNDA:0,(anonymous_7)
FNDA:106,(anonymous_8)
FNDA:58,(anonymous_9)
FNDA:99,(anonymous_10)
FNDA:9,(anonymous_11)
FNDA:12,(anonymous_12)
FNDA:5,(anonymous_13)
FNDA:6,(anonymous_14)
FNDA:8,(anonymous_15)
FNDA:9,(anonymous_16)
FNDA:1,(anonymous_17)
FNDA:2,(anonymous_18)
FNDA:1,(anonymous_19)
FNDA:1,(anonymous_20)
FNDA:2,(anonymous_21)
FNDA:1,(anonymous_22)
FNDA:1,(anonymous_23)
FNDA:2,(anonymous_24)
FNDA:2,(anonymous_25)
FNDA:5,(anonymous_26)
FNDA:8,(anonymous_27)
FNDA:24,(anonymous_28)
FNDA:72,(anonymous_29)
FNDA:45,(anonymous_30)
FNDA:5,(anonymous_31)
FNDA:0,(anonymous_32)
FNDA:24,(anonymous_33)
FNDA:73,(anonymous_34)
FNDA:45,(anonymous_35)
FNDA:18,(anonymous_36)
FNDA:98,(anonymous_37)
FNDA:76,(anonymous_38)
FNDA:56,(anonymous_39)
FNDA:24,(anonymous_40)
FNDA:86,(anonymous_41)
FNDA:69,(anonymous_42)
FNDA:48,(anonymous_43)
FNDA:21,(anonymous_44)
FNDA:38,(anonymous_45)
FNDA:26,(anonymous_46)
FNDA:24,(anonymous_47)
FNDA:114,(anonymous_48)
FNDA:106,(anonymous_49)
FNDA:106,(anonymous_50)
FNDA:90,(anonymous_51)
FNDA:19,(anonymous_52)
DA:4,5
DA:5,5
DA:6,5
DA:8,5
DA:9,5
DA:11,5
DA:22,5
DA:47,5
DA:48,88
DA:49,6
DA:51,82
DA:60,5
DA:61,6
DA:67,6
DA:68,6
DA:71,5
DA:79,5
DA:80,0
DA:81,0
DA:84,0
DA:85,0
DA:86,0
DA:87,0
DA:88,0
DA:89,0
DA:90,0
DA:91,0
DA:96,0
DA:100,0
DA:101,0
DA:102,0
DA:103,0
DA:104,0
DA:105,0
DA:106,0
DA:107,0
DA:109,0
DA:112,0
DA:113,0
DA:114,0
DA:115,0
DA:116,0
DA:117,0
DA:119,0
DA:123,0
DA:124,0
DA:125,0
DA:129,0
DA:132,0
DA:135,0
DA:137,0
DA:138,0
DA:139,0
DA:140,0
DA:144,0
DA:145,0
DA:146,0
DA:149,0
DA:152,0
DA:155,0
DA:158,5
DA:163,5
DA:164,0
DA:165,0
DA:166,0
DA:167,0
DA:169,0
DA:172,5
DA:177,5
DA:178,0
DA:179,0
DA:180,0
DA:181,0
DA:183,0
DA:192,5
DA:193,106
DA:206,5
DA:207,58
DA:208,50
DA:209,99
DA:210,93
DA:211,93
DA:222,5
DA:223,9
DA:224,12
DA:232,5
DA:235,6
DA:247,9
DA:255,5
DA:257,2
DA:266,5
DA:267,1
DA:271,2
DA:280,5
DA:281,1
DA:282,1
DA:283,2
DA:285,2
DA:293,5
DA:294,5
DA:296,5
DA:298,8
DA:300,5
DA:301,5
DA:303,3
DA:321,5
DA:325,24
DA:326,24
DA:327,23
DA:328,23
DA:333,22
DA:334,22
DA:336,22
DA:337,20
DA:339,72
DA:340,1
DA:344,71
DA:345,45
DA:346,36
DA:347,26
DA:350,45
DA:351,45
DA:355,22
DA:357,2
DA:369,5
DA:372,0
DA:373,0
DA:374,0
DA:377,0
DA:378,0
DA:379,0
DA:380,0
DA:384,0
DA:387,0
DA:388,0
DA:392,0
DA:393,0
DA:397,0
DA:398,0
DA:401,0
DA:403,0
DA:417,5
DA:421,24
DA:422,24
DA:424,24
DA:425,24
DA:426,23
DA:427,23
DA:433,22
DA:434,20
DA:436,73
DA:437,0
DA:441,73
DA:442,45
DA:443,36
DA:444,26
DA:447,47
DA:451,22
DA:453,2
DA:465,5
DA:466,98
DA:467,35
DA:470,63
DA:471,76
DA:472,73
DA:474,53
DA:476,56
DA:481,20
DA:483,24
DA:485,0
DA:496,5
DA:497,86
DA:498,28
DA:501,58
DA:502,69
DA:504,69
DA:506,48
DA:508,48
DA:513,21
DA:515,21
DA:518,0
DA:530,5
DA:531,38
DA:532,38
DA:533,5
DA:536,33
DA:537,33
DA:540,33
DA:541,26
DA:543,33
DA:544,24
DA:549,33
DA:552,33
DA:555,33
DA:556,114
DA:558,106
DA:559,106
DA:569,0
DA:570,0
DA:573,106
DA:576,33
DA:577,10
DA:580,23
DA:582,90
DA:585,90
DA:589,90
DA:593,90
DA:595,0
DA:596,0
DA:599,19
DA:601,0
DA:602,0
LF:212
LH:134
BRDA:48,0,0,6
BRDA:48,0,1,82
BRDA:48,1,0,88
BRDA:48,1,1,83
BRDA:48,1,2,78
BRDA:51,2,0,82
BRDA:51,2,1,5
BRDA:79,3,0,0
BRDA:85,4,0,0
BRDA:85,4,1,0
BRDA:87,5,0,0
BRDA:87,5,1,0
BRDA:90,6,0,0
BRDA:90,6,1,0
BRDA:103,7,0,0
BRDA:103,7,1,0
BRDA:105,8,0,0
BRDA:105,8,1,0
BRDA:113,9,0,0
BRDA:113,9,1,0
BRDA:115,10,0,0
BRDA:115,10,1,0
BRDA:124,11,0,0
BRDA:124,11,1,0
BRDA:138,12,0,0
BRDA:138,12,1,0
BRDA:145,13,0,0
BRDA:145,13,1,0
BRDA:165,14,0,0
BRDA:165,14,1,0
BRDA:165,15,0,0
BRDA:165,15,1,0
BRDA:179,16,0,0
BRDA:179,16,1,0
BRDA:179,17,0,0
BRDA:179,17,1,0
BRDA:193,18,0,106
BRDA:193,18,1,104
BRDA:193,18,2,102
BRDA:193,18,3,101
BRDA:193,18,4,98
BRDA:193,18,5,58
BRDA:193,18,6,84
BRDA:193,18,7,38
BRDA:207,19,0,50
BRDA:207,19,1,6
BRDA:207,20,0,58
BRDA:207,20,1,51
BRDA:209,21,0,93
BRDA:209,21,1,6
BRDA:209,22,0,99
BRDA:209,22,1,98
BRDA:209,22,2,96
BRDA:209,22,3,95
BRDA:223,23,0,3
BRDA:223,23,1,6
BRDA:224,24,0,12
BRDA:224,24,1,12
BRDA:224,24,2,11
BRDA:235,25,0,5
BRDA:235,25,1,1
BRDA:270,26,0,1
BRDA:270,26,1,0
BRDA:271,27,0,2
BRDA:271,27,1,0
BRDA:285,28,0,2
BRDA:285,28,1,0
BRDA:294,29,0,0
BRDA:294,29,1,5
BRDA:298,30,0,3
BRDA:298,30,1,5
BRDA:298,31,0,8
BRDA:298,31,1,7
BRDA:298,31,2,6
BRDA:301,32,0,2
BRDA:301,32,1,3
BRDA:322,33,0,1
BRDA:323,34,0,0
BRDA:327,35,0,23
BRDA:327,35,1,0
BRDA:329,36,0,23
BRDA:329,36,1,20
BRDA:336,37,0,20
BRDA:336,37,1,2
BRDA:336,38,0,22
BRDA:336,38,1,21
BRDA:339,39,0,1
BRDA:339,39,1,71
BRDA:344,40,0,36
BRDA:344,40,1,35
BRDA:344,41,0,71
BRDA:344,41,1,40
BRDA:346,42,0,26
BRDA:346,42,1,10
BRDA:355,43,0,2
BRDA:355,43,1,20
BRDA:370,44,0,0
BRDA:374,45,0,0
BRDA:374,46,0,0
BRDA:374,47,0,0
BRDA:378,48,0,0
BRDA:378,48,1,0
BRDA:378,49,0,0
BRDA:378,49,1,0
BRDA:387,50,0,0
BRDA:387,50,1,0
BRDA:392,51,0,0
BRDA:392,51,1,0
BRDA:397,52,0,0
BRDA:397,52,1,0
BRDA:418,53,0,1
BRDA:419,54,0,0
BRDA:426,55,0,23
BRDA:426,55,1,0
BRDA:428,56,0,23
BRDA:428,56,1,20
BRDA:429,57,0,23
BRDA:429,57,1,21
BRDA:430,58,0,23
BRDA:430,58,1,20
BRDA:433,59,0,20
BRDA:433,59,1,2
BRDA:433,60,0,22
BRDA:433,60,1,21
BRDA:436,61,0,0
BRDA:436,61,1,73
BRDA:441,62,0,36
BRDA:441,62,1,37
BRDA:441,63,0,73
BRDA:441,63,1,40
BRDA:443,64,0,26
BRDA:443,64,1,10
BRDA:451,65,0,2
BRDA:451,65,1,20
BRDA:466,66,0,35
BRDA:466,66,1,63
BRDA:466,67,0,98
BRDA:466,67,1,68
BRDA:466,67,2,68
BRDA:471,68,0,3
BRDA:471,68,1,73
BRDA:472,69,0,53
BRDA:472,69,1,20
BRDA:476,70,0,56
BRDA:476,70,1,56
BRDA:476,70,2,53
BRDA:476,70,3,53
BRDA:481,71,0,20
BRDA:481,71,1,0
BRDA:483,72,0,24
BRDA:483,72,1,24
BRDA:483,72,2,18
BRDA:483,72,3,18
BRDA:497,73,0,28
BRDA:497,73,1,58
BRDA:497,74,0,86
BRDA:497,74,1,62
BRDA:497,74,2,62
BRDA:502,75,0,0
BRDA:502,75,1,69
BRDA:504,76,0,48
BRDA:504,76,1,21
BRDA:508,77,0,48
BRDA:508,77,1,48
BRDA:508,77,2,46
BRDA:508,77,3,46
BRDA:513,78,0,21
BRDA:513,78,1,0
BRDA:515,79,0,21
BRDA:515,79,1,21
BRDA:515,79,2,21
BRDA:515,79,3,21
BRDA:530,80,0,13
BRDA:532,81,0,5
BRDA:532,81,1,33
BRDA:537,82,0,33
BRDA:537,82,1,9
BRDA:540,83,0,17
BRDA:540,83,1,16
BRDA:541,84,0,26
BRDA:541,84,1,23
BRDA:541,84,2,9
BRDA:543,85,0,16
BRDA:543,85,1,17
BRDA:544,86,0,24
BRDA:544,86,1,21
BRDA:544,86,2,8
BRDA:549,87,0,33
BRDA:549,87,1,17
BRDA:549,87,2,16
BRDA:549,87,3,16
BRDA:552,88,0,33
BRDA:552,88,1,16
BRDA:552,88,2,15
BRDA:552,88,3,15
BRDA:556,89,0,114
BRDA:556,89,1,107
BRDA:560,90,0,106
BRDA:560,90,1,104
BRDA:562,91,0,106
BRDA:562,91,1,104
BRDA:563,92,0,106
BRDA:563,92,1,106
BRDA:564,93,0,106
BRDA:564,93,1,106
BRDA:565,94,0,104
BRDA:565,94,1,2
BRDA:566,95,0,102
BRDA:566,95,1,4
BRDA:576,96,0,10
BRDA:576,96,1,23
BRDA:576,97,0,33
BRDA:576,97,1,24
BRDA:585,98,0,4
BRDA:585,98,1,86
BRDA:589,99,0,4
BRDA:589,99,1,86
BRDA:593,100,0,90
BRDA:593,100,1,58
BRF:219
BRH:164
end_of_record
TN:
SF:utils/helper.js
FN:8,fetchSvg
FN:37,swipeLeftRight
FN:45,(anonymous_2)
FN:52,(anonymous_3)
FN:72,formatDate
FN:101,createCardItem
FN:119,createOrderedCardItem
FN:139,handleSearchSubmit
FN:145,(anonymous_8)
FN:162,getAlgoliaConfig
FN:175,getSearchTerm
FN:187,buildButtonGroup
FN:192,(anonymous_12)
FN:197,(anonymous_13)
FN:216,handleCarouselAction
FN:221,(anonymous_15)
FN:283,createCarouselNavigation
FN:290,(anonymous_17)
FN:304,(anonymous_18)
FN:320,(anonymous_19)
FN:335,(anonymous_20)
FN:342,(anonymous_21)
FN:363,hexToRGB
FN:373,applyBackgroundStylesFromMetadata
FN:377,(anonymous_24)
FN:379,(anonymous_25)
FN:385,(anonymous_26)
FN:386,(anonymous_27)
FN:387,(anonymous_28)
FN:388,(anonymous_29)
FN:415,(anonymous_30)
FN:442,scrollToContainer
FN:450,transformType
FN:451,(anonymous_33)
FN:462,sanitizeInput
FN:482,sanitizeHTML
FN:492,encodeHTMLEntities
FN:500,(anonymous_37)
FN:509,decodeHTMLEntities
FN:521,determineFilterType
FN:547,isValidUrl
FN:564,isDuplicate
FN:568,(anonymous_42)
FNF:43
FNH:22
FNDA:4,fetchSvg
FNDA:4,swipeLeftRight
FNDA:3,(anonymous_2)
FNDA:4,(anonymous_3)
FNDA:7,formatDate
FNDA:0,createCardItem
FNDA:0,createOrderedCardItem
FNDA:0,handleSearchSubmit
FNDA:0,(anonymous_8)
FNDA:0,getAlgoliaConfig
FNDA:0,getSearchTerm
FNDA:0,buildButtonGroup
FNDA:0,(anonymous_12)
FNDA:0,(anonymous_13)
FNDA:0,handleCarouselAction
FNDA:0,(anonymous_15)
FNDA:0,createCarouselNavigation
FNDA:0,(anonymous_17)
FNDA:0,(anonymous_18)
FNDA:0,(anonymous_19)
FNDA:0,(anonymous_20)
FNDA:0,(anonymous_21)
FNDA:11,hexToRGB
FNDA:6,applyBackgroundStylesFromMetadata
FNDA:12,(anonymous_24)
FNDA:45,(anonymous_25)
FNDA:21,(anonymous_26)
FNDA:10,(anonymous_27)
FNDA:33,(anonymous_28)
FNDA:33,(anonymous_29)
FNDA:15,(anonymous_30)
FNDA:0,scrollToContainer
FNDA:6,transformType
FNDA:5,(anonymous_33)
FNDA:0,sanitizeInput
FNDA:0,sanitizeHTML
FNDA:6,encodeHTMLEntities
FNDA:18,(anonymous_37)
FNDA:6,decodeHTMLEntities
FNDA:6,determineFilterType
FNDA:0,isValidUrl
FNDA:8,isDuplicate
FNDA:4,(anonymous_42)
DA:9,4
DA:10,4
DA:11,4
DA:12,3
DA:13,2
DA:14,2
DA:18,1
DA:20,2
DA:29,1
DA:30,1
DA:32,1
DA:43,4
DA:46,3
DA:47,3
DA:52,4
DA:53,4
DA:54,3
DA:55,3
DA:56,3
DA:57,3
DA:58,3
DA:59,2
DA:60,1
DA:61,1
DA:62,1
DA:63,1
DA:64,1
DA:66,2
DA:75,7
DA:76,2
DA:78,5
DA:81,7
DA:82,4
DA:85,3
DA:91,3
DA:92,3
DA:102,0
DA:103,0
DA:104,0
DA:105,0
DA:109,0
DA:120,0
DA:121,0
DA:122,0
DA:123,0
DA:124,0
DA:130,0
DA:140,0
DA:141,0
DA:142,0
DA:145,0
DA:146,0
DA:147,0
DA:148,0
DA:149,0
DA:152,0
DA:163,0
DA:165,0
DA:167,0
DA:176,0
DA:177,0
DA:188,0
DA:189,0
DA:191,0
DA:192,0
DA:193,0
DA:195,0
DA:196,0
DA:197,0
DA:198,0
DA:202,0
DA:203,0
DA:205,0
DA:217,0
DA:219,0
DA:221,0
DA:222,0
DA:225,0
DA:226,0
DA:227,0
DA:228,0
DA:229,0
DA:233,0
DA:234,0
DA:238,0
DA:243,0
DA:246,0
DA:247,0
DA:250,0
DA:251,0
DA:253,0
DA:254,0
DA:256,0
DA:261,0
DA:262,0
DA:264,0
DA:265,0
DA:267,0
DA:270,0
DA:271,0
DA:273,0
DA:284,0
DA:285,0
DA:287,0
DA:288,0
DA:290,0
DA:291,0
DA:292,0
DA:293,0
DA:294,0
DA:295,0
DA:296,0
DA:297,0
DA:299,0
DA:300,0
DA:301,0
DA:304,0
DA:305,0
DA:306,0
DA:308,0
DA:309,0
DA:310,0
DA:312,0
DA:313,0
DA:314,0
DA:315,0
DA:316,0
DA:319,0
DA:320,0
DA:321,0
DA:325,0
DA:326,0
DA:328,0
DA:331,0
DA:335,0
DA:338,0
DA:342,0
DA:345,0
DA:347,0
DA:348,0
DA:350,0
DA:351,0
DA:353,0
DA:354,0
DA:356,0
DA:364,11
DA:365,11
DA:366,11
DA:374,6
DA:375,6
DA:377,6
DA:378,12
DA:379,45
DA:381,12
DA:383,10
DA:385,21
DA:386,10
DA:387,33
DA:388,33
DA:390,10
DA:391,10
DA:392,10
DA:394,10
DA:395,10
DA:396,10
DA:397,8
DA:399,10
DA:403,10
DA:404,10
DA:405,10
DA:410,10
DA:412,10
DA:413,10
DA:415,10
DA:416,15
DA:417,15
DA:418,15
DA:419,15
DA:420,15
DA:423,15
DA:424,0
DA:425,0
DA:426,0
DA:427,0
DA:432,10
DA:443,0
DA:451,6
DA:463,0
DA:473,0
DA:483,0
DA:493,6
DA:500,18
DA:510,6
DA:511,6
DA:512,6
DA:522,6
DA:524,3
DA:525,1
DA:528,2
DA:529,1
DA:532,1
DA:548,0
DA:549,0
DA:550,0
DA:552,0
DA:565,8
DA:566,3
DA:568,5
LF:208
LH:87
BRDA:10,0,0,1
BRDA:10,0,1,3
BRDA:12,1,0,2
BRDA:12,1,1,1
BRDA:53,2,0,3
BRDA:53,2,1,1
BRDA:58,3,0,2
BRDA:58,3,1,1
BRDA:59,4,0,1
BRDA:59,4,1,1
BRDA:62,5,0,1
BRDA:62,5,1,0
BRDA:75,6,0,2
BRDA:75,6,1,5
BRDA:81,7,0,4
BRDA:81,7,1,3
BRDA:104,8,0,0
BRDA:104,8,1,0
BRDA:105,9,0,0
BRDA:105,9,1,0
BRDA:108,10,0,0
BRDA:108,10,1,0
BRDA:140,11,0,0
BRDA:140,11,1,0
BRDA:147,12,0,0
BRDA:147,12,1,0
BRDA:177,13,0,0
BRDA:177,13,1,0
BRDA:187,14,0,0
BRDA:195,15,0,0
BRDA:195,15,1,0
BRDA:205,16,0,0
BRDA:205,16,1,0
BRDA:216,17,0,0
BRDA:227,18,0,0
BRDA:227,18,1,0
BRDA:238,19,0,0
BRDA:238,19,1,0
BRDA:238,20,0,0
BRDA:238,20,1,0
BRDA:243,21,0,0
BRDA:243,21,1,0
BRDA:246,22,0,0
BRDA:246,22,1,0
BRDA:246,23,0,0
BRDA:246,23,1,0
BRDA:264,24,0,0
BRDA:264,24,1,0
BRDA:270,25,0,0
BRDA:270,25,1,0
BRDA:299,26,0,0
BRDA:299,26,1,0
BRDA:315,27,0,0
BRDA:315,27,1,0
BRDA:319,28,0,0
BRDA:319,28,1,0
BRDA:335,29,0,0
BRDA:335,29,1,0
BRDA:342,30,0,0
BRDA:342,30,1,0
BRDA:353,31,0,0
BRDA:353,31,1,0
BRDA:354,32,0,0
BRDA:354,32,1,0
BRDA:375,33,0,0
BRDA:375,33,1,6
BRDA:381,34,0,2
BRDA:381,34,1,10
BRDA:390,35,0,10
BRDA:390,35,1,0
BRDA:394,36,0,10
BRDA:394,36,1,0
BRDA:396,37,0,8
BRDA:396,37,1,2
BRDA:403,38,0,10
BRDA:403,38,1,0
BRDA:404,39,0,0
BRDA:404,39,1,10
BRDA:405,40,0,0
BRDA:405,40,1,10
BRDA:407,41,0,2
BRDA:407,41,1,8
BRDA:412,42,0,10
BRDA:412,42,1,0
BRDA:417,43,0,15
BRDA:417,43,1,0
BRDA:419,44,0,15
BRDA:419,44,1,0
BRDA:423,45,0,0
BRDA:423,45,1,15
BRDA:522,46,0,3
BRDA:522,46,1,3
BRDA:524,47,0,1
BRDA:524,47,1,2
BRDA:528,48,0,1
BRDA:528,48,1,1
BRDA:565,49,0,3
BRDA:565,49,1,5
BRDA:565,50,0,8
BRDA:565,50,1,6
BRDA:565,50,2,5
BRDA:568,51,0,4
BRDA:568,51,1,2
BRDA:568,51,2,2
BRF:104
BRH:45
end_of_record
